<?xml version="1.0" encoding="UTF-8"?>
<coverage generated="1629378613553" clover="3.2.0">
  <project timestamp="1629378613553" name="All files">
    <metrics statements="457" coveredstatements="414" conditionals="118" coveredconditionals="85" methods="56" coveredmethods="55" elements="631" coveredelements="554" complexity="0" loc="457" ncloc="457" packages="8" files="15" classes="15"/>
    <package name="401-code-challenges.code-challenge05">
      <metrics statements="43" coveredstatements="37" conditionals="8" coveredconditionals="5" methods="6" coveredmethods="6"/>
      <file name="linkedlist.js" path="/home/osama/data-structures-and-algorithms/401-code-challenges/code-challenge05/linkedlist.js">
        <metrics statements="40" coveredstatements="34" conditionals="8" coveredconditionals="5" methods="5" coveredmethods="5"/>
        <line num="1" count="1" type="stmt"/>
        <line num="5" count="1" type="stmt"/>
        <line num="6" count="1" type="stmt"/>
        <line num="7" count="1" type="stmt"/>
        <line num="11" count="1" type="stmt"/>
        <line num="12" count="1" type="cond" truecount="1" falsecount="1"/>
        <line num="13" count="1" type="stmt"/>
        <line num="14" count="1" type="stmt"/>
        <line num="16" count="0" type="stmt"/>
        <line num="17" count="0" type="stmt"/>
        <line num="19" count="1" type="stmt"/>
        <line num="20" count="1" type="stmt"/>
        <line num="23" count="1" type="stmt"/>
        <line num="24" count="1" type="cond" truecount="1" falsecount="1"/>
        <line num="25" count="0" type="stmt"/>
        <line num="27" count="1" type="stmt"/>
        <line num="28" count="1" type="stmt"/>
        <line num="29" count="0" type="stmt"/>
        <line num="31" count="1" type="stmt"/>
        <line num="36" count="1" type="stmt"/>
        <line num="37" count="1" type="stmt"/>
        <line num="38" count="2" type="cond" truecount="2" falsecount="0"/>
        <line num="39" count="1" type="stmt"/>
        <line num="41" count="1" type="stmt"/>
        <line num="43" count="0" type="stmt"/>
        <line num="47" count="1" type="stmt"/>
        <line num="48" count="1" type="cond" truecount="1" falsecount="1"/>
        <line num="49" count="0" type="stmt"/>
        <line num="52" count="1" type="stmt"/>
        <line num="53" count="1" type="stmt"/>
        <line num="54" count="2" type="stmt"/>
        <line num="55" count="2" type="stmt"/>
        <line num="57" count="1" type="stmt"/>
        <line num="61" count="1" type="stmt"/>
        <line num="62" count="1" type="stmt"/>
        <line num="63" count="1" type="stmt"/>
        <line num="66" count="1" type="stmt"/>
        <line num="67" count="1" type="stmt"/>
        <line num="68" count="1" type="stmt"/>
        <line num="73" count="1" type="stmt"/>
      </file>
      <file name="node.js" path="/home/osama/data-structures-and-algorithms/401-code-challenges/code-challenge05/node.js">
        <metrics statements="3" coveredstatements="3" conditionals="0" coveredconditionals="0" methods="1" coveredmethods="1"/>
        <line num="3" count="3" type="stmt"/>
        <line num="4" count="3" type="stmt"/>
        <line num="8" count="2" type="stmt"/>
      </file>
    </package>
    <package name="401-code-challenges.code-challenge07">
      <metrics statements="79" coveredstatements="72" conditionals="18" coveredconditionals="13" methods="9" coveredmethods="9"/>
      <file name="linkedList.js" path="/home/osama/data-structures-and-algorithms/401-code-challenges/code-challenge07/linkedList.js">
        <metrics statements="76" coveredstatements="69" conditionals="18" coveredconditionals="13" methods="8" coveredmethods="8"/>
        <line num="1" count="1" type="stmt"/>
        <line num="5" count="15" type="stmt"/>
        <line num="6" count="15" type="stmt"/>
        <line num="7" count="15" type="stmt"/>
        <line num="11" count="13" type="stmt"/>
        <line num="12" count="13" type="cond" truecount="1" falsecount="1"/>
        <line num="13" count="13" type="stmt"/>
        <line num="14" count="13" type="stmt"/>
        <line num="16" count="0" type="stmt"/>
        <line num="17" count="0" type="stmt"/>
        <line num="19" count="13" type="stmt"/>
        <line num="20" count="13" type="stmt"/>
        <line num="23" count="24" type="stmt"/>
        <line num="24" count="24" type="cond" truecount="2" falsecount="0"/>
        <line num="25" count="1" type="stmt"/>
        <line num="27" count="23" type="stmt"/>
        <line num="28" count="23" type="stmt"/>
        <line num="29" count="15" type="stmt"/>
        <line num="31" count="23" type="stmt"/>
        <line num="33" count="24" type="stmt"/>
        <line num="37" count="2" type="stmt"/>
        <line num="38" count="2" type="stmt"/>
        <line num="39" count="2" type="cond" truecount="1" falsecount="1"/>
        <line num="40" count="0" type="stmt"/>
        <line num="41" count="0" type="stmt"/>
        <line num="43" count="2" type="stmt"/>
        <line num="44" count="2" type="cond" truecount="1" falsecount="1"/>
        <line num="45" count="2" type="stmt"/>
        <line num="46" count="2" type="stmt"/>
        <line num="47" count="2" type="stmt"/>
        <line num="49" count="0" type="stmt"/>
        <line num="51" count="2" type="stmt"/>
        <line num="54" count="2" type="stmt"/>
        <line num="55" count="2" type="stmt"/>
        <line num="56" count="2" type="stmt"/>
        <line num="57" count="2" type="cond" truecount="1" falsecount="1"/>
        <line num="58" count="2" type="stmt"/>
        <line num="59" count="2" type="stmt"/>
        <line num="60" count="2" type="stmt"/>
        <line num="62" count="0" type="stmt"/>
        <line num="64" count="2" type="stmt"/>
        <line num="68" count="2" type="stmt"/>
        <line num="69" count="2" type="stmt"/>
        <line num="70" count="4" type="cond" truecount="2" falsecount="0"/>
        <line num="71" count="1" type="stmt"/>
        <line num="72" count="1" type="stmt"/>
        <line num="74" count="3" type="stmt"/>
        <line num="76" count="1" type="stmt"/>
        <line num="77" count="1" type="stmt"/>
        <line num="81" count="2" type="stmt"/>
        <line num="82" count="2" type="cond" truecount="1" falsecount="1"/>
        <line num="83" count="0" type="stmt"/>
        <line num="86" count="2" type="stmt"/>
        <line num="87" count="2" type="stmt"/>
        <line num="88" count="7" type="stmt"/>
        <line num="89" count="7" type="stmt"/>
        <line num="91" count="2" type="stmt"/>
        <line num="95" count="6" type="cond" truecount="2" falsecount="0"/>
        <line num="96" count="1" type="stmt"/>
        <line num="98" count="5" type="cond" truecount="2" falsecount="0"/>
        <line num="99" count="3" type="stmt"/>
        <line num="103" count="2" type="stmt"/>
        <line num="104" count="2" type="stmt"/>
        <line num="105" count="2" type="stmt"/>
        <line num="106" count="1" type="stmt"/>
        <line num="107" count="1" type="stmt"/>
        <line num="109" count="2" type="stmt"/>
        <line num="114" count="1" type="stmt"/>
        <line num="115" count="1" type="stmt"/>
        <line num="116" count="1" type="stmt"/>
        <line num="117" count="1" type="stmt"/>
        <line num="118" count="1" type="stmt"/>
        <line num="119" count="1" type="stmt"/>
        <line num="122" count="1" type="stmt"/>
        <line num="124" count="1" type="stmt"/>
        <line num="130" count="1" type="stmt"/>
      </file>
      <file name="node.js" path="/home/osama/data-structures-and-algorithms/401-code-challenges/code-challenge07/node.js">
        <metrics statements="3" coveredstatements="3" conditionals="0" coveredconditionals="0" methods="1" coveredmethods="1"/>
        <line num="3" count="42" type="stmt"/>
        <line num="4" count="42" type="stmt"/>
        <line num="8" count="2" type="stmt"/>
      </file>
    </package>
    <package name="401-code-challenges.code-challenge08">
      <metrics statements="108" coveredstatements="98" conditionals="32" coveredconditionals="23" methods="10" coveredmethods="10"/>
      <file name="linkedList.js" path="/home/osama/data-structures-and-algorithms/401-code-challenges/code-challenge08/linkedList.js">
        <metrics statements="105" coveredstatements="95" conditionals="32" coveredconditionals="23" methods="9" coveredmethods="9"/>
        <line num="1" count="1" type="stmt"/>
        <line num="5" count="30" type="stmt"/>
        <line num="6" count="30" type="stmt"/>
        <line num="7" count="30" type="stmt"/>
        <line num="11" count="21" type="stmt"/>
        <line num="12" count="21" type="cond" truecount="1" falsecount="1"/>
        <line num="13" count="21" type="stmt"/>
        <line num="14" count="21" type="stmt"/>
        <line num="16" count="0" type="stmt"/>
        <line num="17" count="0" type="stmt"/>
        <line num="19" count="21" type="stmt"/>
        <line num="20" count="21" type="stmt"/>
        <line num="23" count="54" type="stmt"/>
        <line num="24" count="54" type="cond" truecount="2" falsecount="0"/>
        <line num="25" count="1" type="stmt"/>
        <line num="27" count="53" type="stmt"/>
        <line num="28" count="53" type="stmt"/>
        <line num="29" count="67" type="stmt"/>
        <line num="31" count="53" type="stmt"/>
        <line num="33" count="54" type="stmt"/>
        <line num="37" count="2" type="stmt"/>
        <line num="38" count="2" type="stmt"/>
        <line num="39" count="2" type="cond" truecount="1" falsecount="1"/>
        <line num="40" count="0" type="stmt"/>
        <line num="41" count="0" type="stmt"/>
        <line num="43" count="2" type="stmt"/>
        <line num="44" count="2" type="cond" truecount="1" falsecount="1"/>
        <line num="45" count="2" type="stmt"/>
        <line num="46" count="2" type="stmt"/>
        <line num="47" count="2" type="stmt"/>
        <line num="49" count="0" type="stmt"/>
        <line num="51" count="2" type="stmt"/>
        <line num="54" count="2" type="stmt"/>
        <line num="55" count="2" type="stmt"/>
        <line num="56" count="2" type="stmt"/>
        <line num="57" count="2" type="cond" truecount="1" falsecount="1"/>
        <line num="58" count="2" type="stmt"/>
        <line num="59" count="2" type="stmt"/>
        <line num="60" count="2" type="stmt"/>
        <line num="62" count="0" type="stmt"/>
        <line num="64" count="2" type="stmt"/>
        <line num="68" count="2" type="stmt"/>
        <line num="69" count="2" type="stmt"/>
        <line num="70" count="4" type="cond" truecount="2" falsecount="0"/>
        <line num="71" count="1" type="stmt"/>
        <line num="72" count="1" type="stmt"/>
        <line num="74" count="3" type="stmt"/>
        <line num="76" count="1" type="stmt"/>
        <line num="77" count="1" type="stmt"/>
        <line num="81" count="5" type="stmt"/>
        <line num="82" count="5" type="cond" truecount="1" falsecount="1"/>
        <line num="83" count="0" type="stmt"/>
        <line num="86" count="5" type="stmt"/>
        <line num="87" count="5" type="stmt"/>
        <line num="88" count="26" type="stmt"/>
        <line num="89" count="26" type="stmt"/>
        <line num="91" count="5" type="stmt"/>
        <line num="95" count="6" type="cond" truecount="2" falsecount="0"/>
        <line num="96" count="1" type="stmt"/>
        <line num="98" count="5" type="cond" truecount="2" falsecount="0"/>
        <line num="99" count="3" type="stmt"/>
        <line num="103" count="2" type="stmt"/>
        <line num="104" count="2" type="stmt"/>
        <line num="105" count="2" type="stmt"/>
        <line num="106" count="1" type="stmt"/>
        <line num="107" count="1" type="stmt"/>
        <line num="109" count="2" type="stmt"/>
        <line num="114" count="4" type="stmt"/>
        <line num="115" count="4" type="cond" truecount="2" falsecount="0"/>
        <line num="116" count="2" type="stmt"/>
        <line num="119" count="2" type="cond" truecount="1" falsecount="1"/>
        <line num="120" count="0" type="stmt"/>
        <line num="123" count="2" type="cond" truecount="2" falsecount="2"/>
        <line num="124" count="0" type="stmt"/>
        <line num="127" count="2" type="stmt"/>
        <line num="128" count="2" type="stmt"/>
        <line num="129" count="2" type="stmt"/>
        <line num="130" count="2" type="stmt"/>
        <line num="133" count="2" type="cond" truecount="1" falsecount="1"/>
        <line num="134" count="2" type="stmt"/>
        <line num="136" count="0" type="stmt"/>
        <line num="138" count="2" type="stmt"/>
        <line num="140" count="8" type="cond" truecount="2" falsecount="0"/>
        <line num="141" count="6" type="stmt"/>
        <line num="142" count="6" type="stmt"/>
        <line num="145" count="8" type="cond" truecount="2" falsecount="0"/>
        <line num="146" count="4" type="stmt"/>
        <line num="147" count="4" type="stmt"/>
        <line num="152" count="2" type="stmt"/>
        <line num="157" count="1" type="stmt"/>
        <line num="159" count="1" type="stmt"/>
        <line num="160" count="1" type="stmt"/>
        <line num="161" count="1" type="stmt"/>
        <line num="162" count="1" type="stmt"/>
        <line num="163" count="1" type="stmt"/>
        <line num="168" count="1" type="stmt"/>
        <line num="170" count="1" type="stmt"/>
        <line num="171" count="1" type="stmt"/>
        <line num="181" count="1" type="stmt"/>
        <line num="182" count="1" type="stmt"/>
        <line num="183" count="1" type="stmt"/>
        <line num="184" count="1" type="stmt"/>
        <line num="185" count="1" type="stmt"/>
        <line num="190" count="1" type="stmt"/>
        <line num="194" count="1" type="stmt"/>
      </file>
      <file name="node.js" path="/home/osama/data-structures-and-algorithms/401-code-challenges/code-challenge08/node.js">
        <metrics statements="3" coveredstatements="3" conditionals="0" coveredconditionals="0" methods="1" coveredmethods="1"/>
        <line num="3" count="80" type="stmt"/>
        <line num="4" count="80" type="stmt"/>
        <line num="8" count="2" type="stmt"/>
      </file>
    </package>
    <package name="401-code-challenges.code-challenge09">
      <metrics statements="108" coveredstatements="101" conditionals="32" coveredconditionals="25" methods="11" coveredmethods="11"/>
      <file name="linkedList.js" path="/home/osama/data-structures-and-algorithms/401-code-challenges/code-challenge09/linkedList.js">
        <metrics statements="105" coveredstatements="98" conditionals="32" coveredconditionals="25" methods="10" coveredmethods="10"/>
        <line num="1" count="1" type="stmt"/>
        <line num="5" count="28" type="stmt"/>
        <line num="6" count="28" type="stmt"/>
        <line num="7" count="28" type="stmt"/>
        <line num="11" count="21" type="stmt"/>
        <line num="12" count="21" type="cond" truecount="1" falsecount="1"/>
        <line num="13" count="21" type="stmt"/>
        <line num="14" count="21" type="stmt"/>
        <line num="16" count="0" type="stmt"/>
        <line num="17" count="0" type="stmt"/>
        <line num="19" count="21" type="stmt"/>
        <line num="20" count="21" type="stmt"/>
        <line num="23" count="53" type="stmt"/>
        <line num="24" count="53" type="cond" truecount="2" falsecount="0"/>
        <line num="25" count="1" type="stmt"/>
        <line num="27" count="52" type="stmt"/>
        <line num="28" count="52" type="stmt"/>
        <line num="29" count="70" type="stmt"/>
        <line num="31" count="52" type="stmt"/>
        <line num="33" count="53" type="stmt"/>
        <line num="37" count="6" type="stmt"/>
        <line num="38" count="6" type="stmt"/>
        <line num="39" count="6" type="cond" truecount="2" falsecount="0"/>
        <line num="40" count="5" type="stmt"/>
        <line num="41" count="5" type="stmt"/>
        <line num="43" count="6" type="stmt"/>
        <line num="44" count="11" type="cond" truecount="2" falsecount="0"/>
        <line num="45" count="1" type="stmt"/>
        <line num="46" count="1" type="stmt"/>
        <line num="47" count="1" type="stmt"/>
        <line num="49" count="10" type="stmt"/>
        <line num="51" count="6" type="stmt"/>
        <line num="54" count="1" type="stmt"/>
        <line num="55" count="1" type="stmt"/>
        <line num="56" count="1" type="stmt"/>
        <line num="57" count="1" type="cond" truecount="1" falsecount="1"/>
        <line num="58" count="1" type="stmt"/>
        <line num="59" count="1" type="stmt"/>
        <line num="60" count="1" type="stmt"/>
        <line num="62" count="0" type="stmt"/>
        <line num="64" count="1" type="stmt"/>
        <line num="68" count="2" type="stmt"/>
        <line num="69" count="2" type="stmt"/>
        <line num="70" count="4" type="cond" truecount="2" falsecount="0"/>
        <line num="71" count="1" type="stmt"/>
        <line num="72" count="1" type="stmt"/>
        <line num="74" count="3" type="stmt"/>
        <line num="76" count="1" type="stmt"/>
        <line num="77" count="1" type="stmt"/>
        <line num="81" count="5" type="stmt"/>
        <line num="82" count="5" type="cond" truecount="1" falsecount="1"/>
        <line num="83" count="0" type="stmt"/>
        <line num="86" count="5" type="stmt"/>
        <line num="87" count="5" type="stmt"/>
        <line num="88" count="27" type="stmt"/>
        <line num="89" count="27" type="stmt"/>
        <line num="91" count="5" type="stmt"/>
        <line num="95" count="5" type="cond" truecount="2" falsecount="0"/>
        <line num="96" count="1" type="stmt"/>
        <line num="98" count="4" type="cond" truecount="2" falsecount="0"/>
        <line num="99" count="2" type="stmt"/>
        <line num="103" count="2" type="stmt"/>
        <line num="104" count="2" type="stmt"/>
        <line num="105" count="2" type="stmt"/>
        <line num="106" count="1" type="stmt"/>
        <line num="107" count="1" type="stmt"/>
        <line num="109" count="2" type="stmt"/>
        <line num="114" count="3" type="stmt"/>
        <line num="115" count="3" type="cond" truecount="2" falsecount="0"/>
        <line num="116" count="1" type="stmt"/>
        <line num="119" count="2" type="cond" truecount="1" falsecount="1"/>
        <line num="120" count="0" type="stmt"/>
        <line num="123" count="2" type="cond" truecount="2" falsecount="2"/>
        <line num="124" count="0" type="stmt"/>
        <line num="127" count="2" type="stmt"/>
        <line num="128" count="2" type="stmt"/>
        <line num="129" count="2" type="stmt"/>
        <line num="130" count="2" type="stmt"/>
        <line num="133" count="2" type="cond" truecount="1" falsecount="1"/>
        <line num="134" count="2" type="stmt"/>
        <line num="136" count="0" type="stmt"/>
        <line num="138" count="2" type="stmt"/>
        <line num="140" count="8" type="cond" truecount="2" falsecount="0"/>
        <line num="141" count="6" type="stmt"/>
        <line num="142" count="6" type="stmt"/>
        <line num="145" count="8" type="cond" truecount="2" falsecount="0"/>
        <line num="146" count="4" type="stmt"/>
        <line num="147" count="4" type="stmt"/>
        <line num="152" count="2" type="stmt"/>
        <line num="156" count="1" type="stmt"/>
        <line num="157" count="1" type="stmt"/>
        <line num="158" count="1" type="stmt"/>
        <line num="159" count="1" type="stmt"/>
        <line num="160" count="5" type="stmt"/>
        <line num="161" count="5" type="stmt"/>
        <line num="163" count="1" type="stmt"/>
        <line num="168" count="1" type="stmt"/>
        <line num="170" count="1" type="stmt"/>
        <line num="171" count="1" type="stmt"/>
        <line num="172" count="1" type="stmt"/>
        <line num="173" count="1" type="stmt"/>
        <line num="174" count="1" type="stmt"/>
        <line num="175" count="1" type="stmt"/>
        <line num="177" count="1" type="stmt"/>
        <line num="181" count="1" type="stmt"/>
      </file>
      <file name="node.js" path="/home/osama/data-structures-and-algorithms/401-code-challenges/code-challenge09/node.js">
        <metrics statements="3" coveredstatements="3" conditionals="0" coveredconditionals="0" methods="1" coveredmethods="1"/>
        <line num="3" count="82" type="stmt"/>
        <line num="4" count="82" type="stmt"/>
        <line num="8" count="2" type="stmt"/>
      </file>
    </package>
    <package name="401-code-challenges.code-challenge10">
      <metrics statements="51" coveredstatements="45" conditionals="14" coveredconditionals="10" methods="11" coveredmethods="10"/>
      <file name="node.js" path="/home/osama/data-structures-and-algorithms/401-code-challenges/code-challenge10/node.js">
        <metrics statements="3" coveredstatements="3" conditionals="0" coveredconditionals="0" methods="1" coveredmethods="1"/>
        <line num="3" count="19" type="stmt"/>
        <line num="4" count="19" type="stmt"/>
        <line num="8" count="2" type="stmt"/>
      </file>
      <file name="queue.js" path="/home/osama/data-structures-and-algorithms/401-code-challenges/code-challenge10/queue.js">
        <metrics statements="25" coveredstatements="21" conditionals="8" coveredconditionals="6" methods="5" coveredmethods="4"/>
        <line num="3" count="1" type="stmt"/>
        <line num="7" count="8" type="stmt"/>
        <line num="11" count="9" type="stmt"/>
        <line num="12" count="9" type="cond" truecount="2" falsecount="0"/>
        <line num="13" count="5" type="stmt"/>
        <line num="15" count="4" type="stmt"/>
        <line num="16" count="4" type="stmt"/>
        <line num="17" count="0" type="stmt"/>
        <line num="19" count="4" type="stmt"/>
        <line num="25" count="4" type="stmt"/>
        <line num="26" count="4" type="cond" truecount="2" falsecount="0"/>
        <line num="27" count="1" type="stmt"/>
        <line num="29" count="3" type="stmt"/>
        <line num="30" count="3" type="stmt"/>
        <line num="34" count="2" type="stmt"/>
        <line num="35" count="2" type="cond" truecount="2" falsecount="0"/>
        <line num="36" count="1" type="stmt"/>
        <line num="38" count="1" type="stmt"/>
        <line num="42" count="0" type="cond" truecount="0" falsecount="2"/>
        <line num="43" count="0" type="stmt"/>
        <line num="45" count="0" type="stmt"/>
        <line num="52" count="1" type="stmt"/>
        <line num="56" count="1" type="stmt"/>
        <line num="60" count="1" type="stmt"/>
        <line num="63" count="1" type="stmt"/>
      </file>
      <file name="stack.js" path="/home/osama/data-structures-and-algorithms/401-code-challenges/code-challenge10/stack.js">
        <metrics statements="23" coveredstatements="21" conditionals="6" coveredconditionals="4" methods="5" coveredmethods="5"/>
        <line num="3" count="1" type="stmt"/>
        <line num="7" count="8" type="stmt"/>
        <line num="11" count="9" type="stmt"/>
        <line num="13" count="9" type="stmt"/>
        <line num="14" count="9" type="stmt"/>
        <line num="19" count="3" type="stmt"/>
        <line num="20" count="3" type="cond" truecount="1" falsecount="1"/>
        <line num="21" count="0" type="stmt"/>
        <line num="23" count="3" type="stmt"/>
        <line num="24" count="3" type="stmt"/>
        <line num="28" count="4" type="stmt"/>
        <line num="29" count="4" type="cond" truecount="2" falsecount="0"/>
        <line num="30" count="3" type="stmt"/>
        <line num="33" count="1" type="stmt"/>
        <line num="37" count="1" type="cond" truecount="1" falsecount="1"/>
        <line num="38" count="1" type="stmt"/>
        <line num="40" count="0" type="stmt"/>
        <line num="47" count="1" type="stmt"/>
        <line num="54" count="1" type="stmt"/>
        <line num="57" count="1" type="stmt"/>
        <line num="58" count="1" type="stmt"/>
        <line num="61" count="1" type="stmt"/>
        <line num="63" count="1" type="stmt"/>
      </file>
    </package>
    <package name="401-code-challenges.code.challenge06">
      <metrics statements="64" coveredstatements="57" conditionals="14" coveredconditionals="9" methods="8" coveredmethods="8"/>
      <file name="linkedList.js" path="/home/osama/data-structures-and-algorithms/401-code-challenges/code.challenge06/linkedList.js">
        <metrics statements="61" coveredstatements="54" conditionals="14" coveredconditionals="9" methods="7" coveredmethods="7"/>
        <line num="1" count="1" type="stmt"/>
        <line num="5" count="10" type="stmt"/>
        <line num="6" count="10" type="stmt"/>
        <line num="7" count="10" type="stmt"/>
        <line num="11" count="8" type="stmt"/>
        <line num="12" count="8" type="cond" truecount="1" falsecount="1"/>
        <line num="13" count="8" type="stmt"/>
        <line num="14" count="8" type="stmt"/>
        <line num="16" count="0" type="stmt"/>
        <line num="17" count="0" type="stmt"/>
        <line num="19" count="8" type="stmt"/>
        <line num="20" count="8" type="stmt"/>
        <line num="23" count="12" type="stmt"/>
        <line num="24" count="12" type="cond" truecount="2" falsecount="0"/>
        <line num="25" count="1" type="stmt"/>
        <line num="27" count="11" type="stmt"/>
        <line num="28" count="11" type="stmt"/>
        <line num="29" count="3" type="stmt"/>
        <line num="31" count="11" type="stmt"/>
        <line num="36" count="2" type="stmt"/>
        <line num="37" count="2" type="stmt"/>
        <line num="38" count="2" type="cond" truecount="1" falsecount="1"/>
        <line num="39" count="0" type="stmt"/>
        <line num="40" count="0" type="stmt"/>
        <line num="42" count="2" type="stmt"/>
        <line num="43" count="2" type="cond" truecount="1" falsecount="1"/>
        <line num="44" count="2" type="stmt"/>
        <line num="45" count="2" type="stmt"/>
        <line num="46" count="2" type="stmt"/>
        <line num="48" count="0" type="stmt"/>
        <line num="52" count="2" type="stmt"/>
        <line num="53" count="2" type="stmt"/>
        <line num="54" count="2" type="stmt"/>
        <line num="55" count="2" type="cond" truecount="1" falsecount="1"/>
        <line num="56" count="2" type="stmt"/>
        <line num="57" count="2" type="stmt"/>
        <line num="58" count="2" type="stmt"/>
        <line num="60" count="0" type="stmt"/>
        <line num="65" count="2" type="stmt"/>
        <line num="66" count="2" type="stmt"/>
        <line num="67" count="4" type="cond" truecount="2" falsecount="0"/>
        <line num="68" count="1" type="stmt"/>
        <line num="69" count="1" type="stmt"/>
        <line num="71" count="3" type="stmt"/>
        <line num="73" count="1" type="stmt"/>
        <line num="74" count="1" type="stmt"/>
        <line num="78" count="1" type="stmt"/>
        <line num="79" count="1" type="cond" truecount="1" falsecount="1"/>
        <line num="80" count="0" type="stmt"/>
        <line num="83" count="1" type="stmt"/>
        <line num="84" count="1" type="stmt"/>
        <line num="85" count="2" type="stmt"/>
        <line num="86" count="2" type="stmt"/>
        <line num="88" count="1" type="stmt"/>
        <line num="92" count="1" type="stmt"/>
        <line num="93" count="1" type="stmt"/>
        <line num="94" count="1" type="stmt"/>
        <line num="95" count="1" type="stmt"/>
        <line num="96" count="1" type="stmt"/>
        <line num="97" count="1" type="stmt"/>
        <line num="101" count="1" type="stmt"/>
      </file>
      <file name="node.js" path="/home/osama/data-structures-and-algorithms/401-code-challenges/code.challenge06/node.js">
        <metrics statements="3" coveredstatements="3" conditionals="0" coveredconditionals="0" methods="1" coveredmethods="1"/>
        <line num="3" count="25" type="stmt"/>
        <line num="4" count="25" type="stmt"/>
        <line num="8" count="2" type="stmt"/>
      </file>
    </package>
    <package name="javascript.code-challenges.reverse-ll">
      <metrics statements="3" coveredstatements="3" conditionals="0" coveredconditionals="0" methods="1" coveredmethods="1"/>
      <file name="reverse-ll.js" path="/home/osama/data-structures-and-algorithms/javascript/code-challenges/reverse-ll/reverse-ll.js">
        <metrics statements="3" coveredstatements="3" conditionals="0" coveredconditionals="0" methods="1" coveredmethods="1"/>
        <line num="4" count="1" type="stmt"/>
        <line num="12" count="1" type="stmt"/>
        <line num="14" count="1" type="stmt"/>
      </file>
    </package>
    <package name="javascript.linked-list">
      <metrics statements="1" coveredstatements="1" conditionals="0" coveredconditionals="0" methods="0" coveredmethods="0"/>
      <file name="index.js" path="/home/osama/data-structures-and-algorithms/javascript/linked-list/index.js">
        <metrics statements="1" coveredstatements="1" conditionals="0" coveredconditionals="0" methods="0" coveredmethods="0"/>
        <line num="7" count="2" type="stmt"/>
      </file>
    </package>
  </project>
</coverage>
