<?xml version="1.0" encoding="UTF-8"?>
<coverage generated="1628963395798" clover="3.2.0">
  <project timestamp="1628963395798" name="All files">
    <metrics statements="7" coveredstatements="7" conditionals="0" coveredconditionals="0" methods="2" coveredmethods="2" elements="9" coveredelements="9" complexity="0" loc="7" ncloc="7" packages="3" files="3" classes="3"/>
    <package name="401-code-challenges.code-challenge05">
      <metrics statements="3" coveredstatements="3" conditionals="0" coveredconditionals="0" methods="1" coveredmethods="1"/>
      <file name="node.js" path="/home/osama/data-structures-and-algorithms/401-code-challenges/code-challenge05/node.js">
        <metrics statements="3" coveredstatements="3" conditionals="0" coveredconditionals="0" methods="1" coveredmethods="1"/>
        <line num="3" count="1" type="stmt"/>
        <line num="4" count="1" type="stmt"/>
        <line num="8" count="1" type="stmt"/>
      </file>
    </package>
    <package name="javascript.code-challenges.reverse-ll">
      <metrics statements="3" coveredstatements="3" conditionals="0" coveredconditionals="0" methods="1" coveredmethods="1"/>
      <file name="reverse-ll.js" path="/home/osama/data-structures-and-algorithms/javascript/code-challenges/reverse-ll/reverse-ll.js">
        <metrics statements="3" coveredstatements="3" conditionals="0" coveredconditionals="0" methods="1" coveredmethods="1"/>
        <line num="4" count="1" type="stmt"/>
        <line num="12" count="1" type="stmt"/>
        <line num="14" count="1" type="stmt"/>
      </file>
    </package>
    <package name="javascript.linked-list">
      <metrics statements="1" coveredstatements="1" conditionals="0" coveredconditionals="0" methods="0" coveredmethods="0"/>
      <file name="index.js" path="/home/osama/data-structures-and-algorithms/javascript/linked-list/index.js">
        <metrics statements="1" coveredstatements="1" conditionals="0" coveredconditionals="0" methods="0" coveredmethods="0"/>
        <line num="7" count="2" type="stmt"/>
      </file>
    </package>
  </project>
</coverage>
