{"/home/osama/data-structures-and-algorithms/401-code-challenges/code-challenge05/linkedlist.js": {"path":"/home/osama/data-structures-and-algorithms/401-code-challenges/code-challenge05/linkedlist.js","statementMap":{"0":{"start":{"line":1,"column":13},"end":{"line":1,"column":30}},"1":{"start":{"line":5,"column":4},"end":{"line":5,"column":21}},"2":{"start":{"line":6,"column":4},"end":{"line":6,"column":21}},"3":{"start":{"line":7,"column":4},"end":{"line":7,"column":20}},"4":{"start":{"line":11,"column":18},"end":{"line":11,"column":31}},"5":{"start":{"line":12,"column":4},"end":{"line":18,"column":5}},"6":{"start":{"line":13,"column":6},"end":{"line":13,"column":26}},"7":{"start":{"line":14,"column":6},"end":{"line":14,"column":28}},"8":{"start":{"line":16,"column":6},"end":{"line":16,"column":26}},"9":{"start":{"line":17,"column":6},"end":{"line":17,"column":31}},"10":{"start":{"line":19,"column":4},"end":{"line":19,"column":18}},"11":{"start":{"line":20,"column":4},"end":{"line":20,"column":21}},"12":{"start":{"line":23,"column":18},"end":{"line":23,"column":33}},"13":{"start":{"line":24,"column":4},"end":{"line":32,"column":5}},"14":{"start":{"line":25,"column":6},"end":{"line":25,"column":26}},"15":{"start":{"line":27,"column":24},"end":{"line":27,"column":33}},"16":{"start":{"line":28,"column":6},"end":{"line":30,"column":7}},"17":{"start":{"line":29,"column":8},"end":{"line":29,"column":39}},"18":{"start":{"line":31,"column":6},"end":{"line":31,"column":33}},"19":{"start":{"line":36,"column":18},"end":{"line":36,"column":27}},"20":{"start":{"line":37,"column":4},"end":{"line":42,"column":5}},"21":{"start":{"line":38,"column":6},"end":{"line":40,"column":7}},"22":{"start":{"line":39,"column":8},"end":{"line":39,"column":20}},"23":{"start":{"line":41,"column":6},"end":{"line":41,"column":29}},"24":{"start":{"line":43,"column":4},"end":{"line":43,"column":17}},"25":{"start":{"line":47,"column":18},"end":{"line":47,"column":27}},"26":{"start":{"line":48,"column":4},"end":{"line":50,"column":5}},"27":{"start":{"line":49,"column":6},"end":{"line":49,"column":63}},"28":{"start":{"line":52,"column":17},"end":{"line":52,"column":19}},"29":{"start":{"line":53,"column":4},"end":{"line":56,"column":5}},"30":{"start":{"line":54,"column":6},"end":{"line":54,"column":40}},"31":{"start":{"line":55,"column":6},"end":{"line":55,"column":29}},"32":{"start":{"line":57,"column":4},"end":{"line":57,"column":30}},"33":{"start":{"line":61,"column":11},"end":{"line":61,"column":27}},"34":{"start":{"line":62,"column":0},"end":{"line":62,"column":15}},"35":{"start":{"line":63,"column":0},"end":{"line":63,"column":15}},"36":{"start":{"line":66,"column":0},"end":{"line":66,"column":29}},"37":{"start":{"line":67,"column":0},"end":{"line":67,"column":30}},"38":{"start":{"line":68,"column":0},"end":{"line":68,"column":21}},"39":{"start":{"line":73,"column":0},"end":{"line":73,"column":25}}},"fnMap":{"0":{"name":"(anonymous_0)","decl":{"start":{"line":4,"column":2},"end":{"line":4,"column":3}},"loc":{"start":{"line":4,"column":16},"end":{"line":8,"column":3}},"line":4},"1":{"name":"(anonymous_1)","decl":{"start":{"line":10,"column":2},"end":{"line":10,"column":3}},"loc":{"start":{"line":10,"column":14},"end":{"line":21,"column":3}},"line":10},"2":{"name":"(anonymous_2)","decl":{"start":{"line":22,"column":2},"end":{"line":22,"column":3}},"loc":{"start":{"line":22,"column":16},"end":{"line":33,"column":3}},"line":22},"3":{"name":"(anonymous_3)","decl":{"start":{"line":35,"column":2},"end":{"line":35,"column":3}},"loc":{"start":{"line":35,"column":18},"end":{"line":44,"column":3}},"line":35},"4":{"name":"(anonymous_4)","decl":{"start":{"line":46,"column":2},"end":{"line":46,"column":3}},"loc":{"start":{"line":46,"column":13},"end":{"line":58,"column":3}},"line":46}},"branchMap":{"0":{"loc":{"start":{"line":12,"column":4},"end":{"line":18,"column":5}},"type":"if","locations":[{"start":{"line":12,"column":4},"end":{"line":18,"column":5}},{"start":{"line":12,"column":4},"end":{"line":18,"column":5}}],"line":12},"1":{"loc":{"start":{"line":24,"column":4},"end":{"line":32,"column":5}},"type":"if","locations":[{"start":{"line":24,"column":4},"end":{"line":32,"column":5}},{"start":{"line":24,"column":4},"end":{"line":32,"column":5}}],"line":24},"2":{"loc":{"start":{"line":38,"column":6},"end":{"line":40,"column":7}},"type":"if","locations":[{"start":{"line":38,"column":6},"end":{"line":40,"column":7}},{"start":{"line":38,"column":6},"end":{"line":40,"column":7}}],"line":38},"3":{"loc":{"start":{"line":48,"column":4},"end":{"line":50,"column":5}},"type":"if","locations":[{"start":{"line":48,"column":4},"end":{"line":50,"column":5}},{"start":{"line":48,"column":4},"end":{"line":50,"column":5}}],"line":48}},"s":{"0":1,"1":1,"2":1,"3":1,"4":1,"5":1,"6":1,"7":1,"8":0,"9":0,"10":1,"11":1,"12":1,"13":1,"14":0,"15":1,"16":1,"17":0,"18":1,"19":1,"20":1,"21":2,"22":1,"23":1,"24":0,"25":1,"26":1,"27":0,"28":1,"29":1,"30":2,"31":2,"32":1,"33":1,"34":1,"35":1,"36":1,"37":1,"38":1,"39":1},"f":{"0":1,"1":1,"2":1,"3":1,"4":1},"b":{"0":[1,0],"1":[0,1],"2":[1,1],"3":[0,1]},"_coverageSchema":"1a1c01bbd47fc00a2c39e90264f33305004495a9","hash":"1bb7b70c91db38e1d5f671d8444594975204e680"}
,"/home/osama/data-structures-and-algorithms/401-code-challenges/code-challenge05/node.js": {"path":"/home/osama/data-structures-and-algorithms/401-code-challenges/code-challenge05/node.js","statementMap":{"0":{"start":{"line":3,"column":8},"end":{"line":3,"column":25}},"1":{"start":{"line":4,"column":8},"end":{"line":4,"column":23}},"2":{"start":{"line":8,"column":0},"end":{"line":8,"column":20}}},"fnMap":{"0":{"name":"(anonymous_0)","decl":{"start":{"line":2,"column":4},"end":{"line":2,"column":5}},"loc":{"start":{"line":2,"column":22},"end":{"line":5,"column":5}},"line":2}},"branchMap":{},"s":{"0":3,"1":3,"2":2},"f":{"0":3},"b":{},"_coverageSchema":"1a1c01bbd47fc00a2c39e90264f33305004495a9","hash":"cc8915fca4d075eb15c073da1e54d2aefffa9f5a"}
,"/home/osama/data-structures-and-algorithms/401-code-challenges/code-challenge07/linkedList.js": {"path":"/home/osama/data-structures-and-algorithms/401-code-challenges/code-challenge07/linkedList.js","statementMap":{"0":{"start":{"line":1,"column":13},"end":{"line":1,"column":30}},"1":{"start":{"line":5,"column":4},"end":{"line":5,"column":21}},"2":{"start":{"line":6,"column":4},"end":{"line":6,"column":21}},"3":{"start":{"line":7,"column":4},"end":{"line":7,"column":20}},"4":{"start":{"line":11,"column":18},"end":{"line":11,"column":31}},"5":{"start":{"line":12,"column":4},"end":{"line":18,"column":5}},"6":{"start":{"line":13,"column":6},"end":{"line":13,"column":26}},"7":{"start":{"line":14,"column":6},"end":{"line":14,"column":28}},"8":{"start":{"line":16,"column":6},"end":{"line":16,"column":26}},"9":{"start":{"line":17,"column":6},"end":{"line":17,"column":31}},"10":{"start":{"line":19,"column":4},"end":{"line":19,"column":18}},"11":{"start":{"line":20,"column":4},"end":{"line":20,"column":21}},"12":{"start":{"line":23,"column":18},"end":{"line":23,"column":33}},"13":{"start":{"line":24,"column":4},"end":{"line":32,"column":5}},"14":{"start":{"line":25,"column":6},"end":{"line":25,"column":26}},"15":{"start":{"line":27,"column":24},"end":{"line":27,"column":33}},"16":{"start":{"line":28,"column":6},"end":{"line":30,"column":7}},"17":{"start":{"line":29,"column":8},"end":{"line":29,"column":39}},"18":{"start":{"line":31,"column":6},"end":{"line":31,"column":33}},"19":{"start":{"line":33,"column":4},"end":{"line":33,"column":18}},"20":{"start":{"line":37,"column":16},"end":{"line":37,"column":34}},"21":{"start":{"line":38,"column":16},"end":{"line":38,"column":25}},"22":{"start":{"line":39,"column":4},"end":{"line":42,"column":5}},"23":{"start":{"line":40,"column":6},"end":{"line":40,"column":27}},"24":{"start":{"line":41,"column":6},"end":{"line":41,"column":24}},"25":{"start":{"line":43,"column":4},"end":{"line":50,"column":5}},"26":{"start":{"line":44,"column":6},"end":{"line":48,"column":7}},"27":{"start":{"line":45,"column":8},"end":{"line":45,"column":34}},"28":{"start":{"line":46,"column":8},"end":{"line":46,"column":29}},"29":{"start":{"line":47,"column":8},"end":{"line":47,"column":14}},"30":{"start":{"line":49,"column":6},"end":{"line":49,"column":27}},"31":{"start":{"line":51,"column":4},"end":{"line":51,"column":18}},"32":{"start":{"line":54,"column":16},"end":{"line":54,"column":34}},"33":{"start":{"line":55,"column":16},"end":{"line":55,"column":25}},"34":{"start":{"line":56,"column":4},"end":{"line":63,"column":5}},"35":{"start":{"line":57,"column":6},"end":{"line":61,"column":7}},"36":{"start":{"line":58,"column":8},"end":{"line":58,"column":34}},"37":{"start":{"line":59,"column":8},"end":{"line":59,"column":29}},"38":{"start":{"line":60,"column":8},"end":{"line":60,"column":14}},"39":{"start":{"line":62,"column":6},"end":{"line":62,"column":27}},"40":{"start":{"line":64,"column":4},"end":{"line":64,"column":18}},"41":{"start":{"line":68,"column":18},"end":{"line":68,"column":27}},"42":{"start":{"line":69,"column":4},"end":{"line":75,"column":5}},"43":{"start":{"line":70,"column":6},"end":{"line":73,"column":7}},"44":{"start":{"line":71,"column":8},"end":{"line":71,"column":55}},"45":{"start":{"line":72,"column":8},"end":{"line":72,"column":20}},"46":{"start":{"line":74,"column":6},"end":{"line":74,"column":29}},"47":{"start":{"line":76,"column":4},"end":{"line":76,"column":53}},"48":{"start":{"line":77,"column":4},"end":{"line":77,"column":17}},"49":{"start":{"line":81,"column":18},"end":{"line":81,"column":27}},"50":{"start":{"line":82,"column":4},"end":{"line":84,"column":5}},"51":{"start":{"line":83,"column":6},"end":{"line":83,"column":57}},"52":{"start":{"line":86,"column":17},"end":{"line":86,"column":19}},"53":{"start":{"line":87,"column":4},"end":{"line":90,"column":5}},"54":{"start":{"line":88,"column":6},"end":{"line":88,"column":40}},"55":{"start":{"line":89,"column":6},"end":{"line":89,"column":29}},"56":{"start":{"line":91,"column":4},"end":{"line":91,"column":30}},"57":{"start":{"line":95,"column":4},"end":{"line":97,"column":5}},"58":{"start":{"line":96,"column":6},"end":{"line":96,"column":64}},"59":{"start":{"line":98,"column":4},"end":{"line":100,"column":5}},"60":{"start":{"line":99,"column":6},"end":{"line":99,"column":41}},"61":{"start":{"line":103,"column":17},"end":{"line":103,"column":26}},"62":{"start":{"line":104,"column":12},"end":{"line":104,"column":29}},"63":{"start":{"line":105,"column":4},"end":{"line":108,"column":5}},"64":{"start":{"line":106,"column":6},"end":{"line":106,"column":27}},"65":{"start":{"line":107,"column":6},"end":{"line":107,"column":10}},"66":{"start":{"line":109,"column":4},"end":{"line":109,"column":25}},"67":{"start":{"line":114,"column":11},"end":{"line":114,"column":27}},"68":{"start":{"line":115,"column":0},"end":{"line":115,"column":15}},"69":{"start":{"line":116,"column":0},"end":{"line":116,"column":15}},"70":{"start":{"line":117,"column":0},"end":{"line":117,"column":15}},"71":{"start":{"line":118,"column":0},"end":{"line":118,"column":23}},"72":{"start":{"line":119,"column":0},"end":{"line":119,"column":22}},"73":{"start":{"line":122,"column":0},"end":{"line":122,"column":29}},"74":{"start":{"line":124,"column":0},"end":{"line":124,"column":32}},"75":{"start":{"line":130,"column":0},"end":{"line":130,"column":25}}},"fnMap":{"0":{"name":"(anonymous_0)","decl":{"start":{"line":4,"column":2},"end":{"line":4,"column":3}},"loc":{"start":{"line":4,"column":16},"end":{"line":8,"column":3}},"line":4},"1":{"name":"(anonymous_1)","decl":{"start":{"line":10,"column":2},"end":{"line":10,"column":3}},"loc":{"start":{"line":10,"column":14},"end":{"line":21,"column":3}},"line":10},"2":{"name":"(anonymous_2)","decl":{"start":{"line":22,"column":2},"end":{"line":22,"column":3}},"loc":{"start":{"line":22,"column":16},"end":{"line":34,"column":3}},"line":22},"3":{"name":"(anonymous_3)","decl":{"start":{"line":36,"column":2},"end":{"line":36,"column":3}},"loc":{"start":{"line":36,"column":30},"end":{"line":52,"column":3}},"line":36},"4":{"name":"(anonymous_4)","decl":{"start":{"line":53,"column":2},"end":{"line":53,"column":3}},"loc":{"start":{"line":53,"column":29},"end":{"line":65,"column":3}},"line":53},"5":{"name":"(anonymous_5)","decl":{"start":{"line":67,"column":2},"end":{"line":67,"column":3}},"loc":{"start":{"line":67,"column":18},"end":{"line":78,"column":3}},"line":67},"6":{"name":"(anonymous_6)","decl":{"start":{"line":80,"column":2},"end":{"line":80,"column":3}},"loc":{"start":{"line":80,"column":13},"end":{"line":92,"column":3}},"line":80},"7":{"name":"(anonymous_7)","decl":{"start":{"line":94,"column":2},"end":{"line":94,"column":3}},"loc":{"start":{"line":94,"column":16},"end":{"line":110,"column":3}},"line":94}},"branchMap":{"0":{"loc":{"start":{"line":12,"column":4},"end":{"line":18,"column":5}},"type":"if","locations":[{"start":{"line":12,"column":4},"end":{"line":18,"column":5}},{"start":{"line":12,"column":4},"end":{"line":18,"column":5}}],"line":12},"1":{"loc":{"start":{"line":24,"column":4},"end":{"line":32,"column":5}},"type":"if","locations":[{"start":{"line":24,"column":4},"end":{"line":32,"column":5}},{"start":{"line":24,"column":4},"end":{"line":32,"column":5}}],"line":24},"2":{"loc":{"start":{"line":39,"column":4},"end":{"line":42,"column":5}},"type":"if","locations":[{"start":{"line":39,"column":4},"end":{"line":42,"column":5}},{"start":{"line":39,"column":4},"end":{"line":42,"column":5}}],"line":39},"3":{"loc":{"start":{"line":44,"column":6},"end":{"line":48,"column":7}},"type":"if","locations":[{"start":{"line":44,"column":6},"end":{"line":48,"column":7}},{"start":{"line":44,"column":6},"end":{"line":48,"column":7}}],"line":44},"4":{"loc":{"start":{"line":57,"column":6},"end":{"line":61,"column":7}},"type":"if","locations":[{"start":{"line":57,"column":6},"end":{"line":61,"column":7}},{"start":{"line":57,"column":6},"end":{"line":61,"column":7}}],"line":57},"5":{"loc":{"start":{"line":70,"column":6},"end":{"line":73,"column":7}},"type":"if","locations":[{"start":{"line":70,"column":6},"end":{"line":73,"column":7}},{"start":{"line":70,"column":6},"end":{"line":73,"column":7}}],"line":70},"6":{"loc":{"start":{"line":82,"column":4},"end":{"line":84,"column":5}},"type":"if","locations":[{"start":{"line":82,"column":4},"end":{"line":84,"column":5}},{"start":{"line":82,"column":4},"end":{"line":84,"column":5}}],"line":82},"7":{"loc":{"start":{"line":95,"column":4},"end":{"line":97,"column":5}},"type":"if","locations":[{"start":{"line":95,"column":4},"end":{"line":97,"column":5}},{"start":{"line":95,"column":4},"end":{"line":97,"column":5}}],"line":95},"8":{"loc":{"start":{"line":98,"column":4},"end":{"line":100,"column":5}},"type":"if","locations":[{"start":{"line":98,"column":4},"end":{"line":100,"column":5}},{"start":{"line":98,"column":4},"end":{"line":100,"column":5}}],"line":98}},"s":{"0":1,"1":15,"2":15,"3":15,"4":13,"5":13,"6":13,"7":13,"8":0,"9":0,"10":13,"11":13,"12":24,"13":24,"14":1,"15":23,"16":23,"17":15,"18":23,"19":24,"20":2,"21":2,"22":2,"23":0,"24":0,"25":2,"26":2,"27":2,"28":2,"29":2,"30":0,"31":2,"32":2,"33":2,"34":2,"35":2,"36":2,"37":2,"38":2,"39":0,"40":2,"41":2,"42":2,"43":4,"44":1,"45":1,"46":3,"47":1,"48":1,"49":2,"50":2,"51":0,"52":2,"53":2,"54":7,"55":7,"56":2,"57":6,"58":1,"59":5,"60":3,"61":2,"62":2,"63":2,"64":1,"65":1,"66":2,"67":1,"68":1,"69":1,"70":1,"71":1,"72":1,"73":1,"74":1,"75":1},"f":{"0":15,"1":13,"2":24,"3":2,"4":2,"5":2,"6":2,"7":6},"b":{"0":[13,0],"1":[1,23],"2":[0,2],"3":[2,0],"4":[2,0],"5":[1,3],"6":[0,2],"7":[1,5],"8":[3,2]},"_coverageSchema":"1a1c01bbd47fc00a2c39e90264f33305004495a9","hash":"6f6262432831986dc5ed3f628fe17b44769a8440"}
,"/home/osama/data-structures-and-algorithms/401-code-challenges/code-challenge07/node.js": {"path":"/home/osama/data-structures-and-algorithms/401-code-challenges/code-challenge07/node.js","statementMap":{"0":{"start":{"line":3,"column":8},"end":{"line":3,"column":25}},"1":{"start":{"line":4,"column":8},"end":{"line":4,"column":23}},"2":{"start":{"line":8,"column":0},"end":{"line":8,"column":20}}},"fnMap":{"0":{"name":"(anonymous_0)","decl":{"start":{"line":2,"column":4},"end":{"line":2,"column":5}},"loc":{"start":{"line":2,"column":22},"end":{"line":5,"column":5}},"line":2}},"branchMap":{},"s":{"0":42,"1":42,"2":2},"f":{"0":42},"b":{},"_coverageSchema":"1a1c01bbd47fc00a2c39e90264f33305004495a9","hash":"14451d3429a690666b2560fecf34aba2cedfc5bd"}
,"/home/osama/data-structures-and-algorithms/401-code-challenges/code-challenge08/linkedList.js": {"path":"/home/osama/data-structures-and-algorithms/401-code-challenges/code-challenge08/linkedList.js","statementMap":{"0":{"start":{"line":1,"column":13},"end":{"line":1,"column":30}},"1":{"start":{"line":5,"column":4},"end":{"line":5,"column":21}},"2":{"start":{"line":6,"column":4},"end":{"line":6,"column":21}},"3":{"start":{"line":7,"column":4},"end":{"line":7,"column":20}},"4":{"start":{"line":11,"column":18},"end":{"line":11,"column":31}},"5":{"start":{"line":12,"column":4},"end":{"line":18,"column":5}},"6":{"start":{"line":13,"column":6},"end":{"line":13,"column":26}},"7":{"start":{"line":14,"column":6},"end":{"line":14,"column":28}},"8":{"start":{"line":16,"column":6},"end":{"line":16,"column":26}},"9":{"start":{"line":17,"column":6},"end":{"line":17,"column":31}},"10":{"start":{"line":19,"column":4},"end":{"line":19,"column":18}},"11":{"start":{"line":20,"column":4},"end":{"line":20,"column":21}},"12":{"start":{"line":23,"column":18},"end":{"line":23,"column":33}},"13":{"start":{"line":24,"column":4},"end":{"line":32,"column":5}},"14":{"start":{"line":25,"column":6},"end":{"line":25,"column":26}},"15":{"start":{"line":27,"column":24},"end":{"line":27,"column":33}},"16":{"start":{"line":28,"column":6},"end":{"line":30,"column":7}},"17":{"start":{"line":29,"column":8},"end":{"line":29,"column":39}},"18":{"start":{"line":31,"column":6},"end":{"line":31,"column":33}},"19":{"start":{"line":33,"column":4},"end":{"line":33,"column":18}},"20":{"start":{"line":37,"column":16},"end":{"line":37,"column":34}},"21":{"start":{"line":38,"column":16},"end":{"line":38,"column":25}},"22":{"start":{"line":39,"column":4},"end":{"line":42,"column":5}},"23":{"start":{"line":40,"column":6},"end":{"line":40,"column":27}},"24":{"start":{"line":41,"column":6},"end":{"line":41,"column":24}},"25":{"start":{"line":43,"column":4},"end":{"line":50,"column":5}},"26":{"start":{"line":44,"column":6},"end":{"line":48,"column":7}},"27":{"start":{"line":45,"column":8},"end":{"line":45,"column":34}},"28":{"start":{"line":46,"column":8},"end":{"line":46,"column":29}},"29":{"start":{"line":47,"column":8},"end":{"line":47,"column":14}},"30":{"start":{"line":49,"column":6},"end":{"line":49,"column":27}},"31":{"start":{"line":51,"column":4},"end":{"line":51,"column":18}},"32":{"start":{"line":54,"column":16},"end":{"line":54,"column":34}},"33":{"start":{"line":55,"column":16},"end":{"line":55,"column":25}},"34":{"start":{"line":56,"column":4},"end":{"line":63,"column":5}},"35":{"start":{"line":57,"column":6},"end":{"line":61,"column":7}},"36":{"start":{"line":58,"column":8},"end":{"line":58,"column":34}},"37":{"start":{"line":59,"column":8},"end":{"line":59,"column":29}},"38":{"start":{"line":60,"column":8},"end":{"line":60,"column":14}},"39":{"start":{"line":62,"column":6},"end":{"line":62,"column":27}},"40":{"start":{"line":64,"column":4},"end":{"line":64,"column":18}},"41":{"start":{"line":68,"column":18},"end":{"line":68,"column":27}},"42":{"start":{"line":69,"column":4},"end":{"line":75,"column":5}},"43":{"start":{"line":70,"column":6},"end":{"line":73,"column":7}},"44":{"start":{"line":71,"column":8},"end":{"line":71,"column":55}},"45":{"start":{"line":72,"column":8},"end":{"line":72,"column":20}},"46":{"start":{"line":74,"column":6},"end":{"line":74,"column":29}},"47":{"start":{"line":76,"column":4},"end":{"line":76,"column":53}},"48":{"start":{"line":77,"column":4},"end":{"line":77,"column":17}},"49":{"start":{"line":81,"column":18},"end":{"line":81,"column":27}},"50":{"start":{"line":82,"column":4},"end":{"line":84,"column":5}},"51":{"start":{"line":83,"column":6},"end":{"line":83,"column":57}},"52":{"start":{"line":86,"column":17},"end":{"line":86,"column":19}},"53":{"start":{"line":87,"column":4},"end":{"line":90,"column":5}},"54":{"start":{"line":88,"column":6},"end":{"line":88,"column":40}},"55":{"start":{"line":89,"column":6},"end":{"line":89,"column":29}},"56":{"start":{"line":91,"column":4},"end":{"line":91,"column":30}},"57":{"start":{"line":95,"column":4},"end":{"line":97,"column":5}},"58":{"start":{"line":96,"column":6},"end":{"line":96,"column":64}},"59":{"start":{"line":98,"column":4},"end":{"line":100,"column":5}},"60":{"start":{"line":99,"column":6},"end":{"line":99,"column":41}},"61":{"start":{"line":103,"column":17},"end":{"line":103,"column":26}},"62":{"start":{"line":104,"column":12},"end":{"line":104,"column":29}},"63":{"start":{"line":105,"column":4},"end":{"line":108,"column":5}},"64":{"start":{"line":106,"column":6},"end":{"line":106,"column":27}},"65":{"start":{"line":107,"column":6},"end":{"line":107,"column":10}},"66":{"start":{"line":109,"column":4},"end":{"line":109,"column":25}},"67":{"start":{"line":114,"column":17},"end":{"line":114,"column":33}},"68":{"start":{"line":115,"column":4},"end":{"line":117,"column":5}},"69":{"start":{"line":116,"column":6},"end":{"line":116,"column":18}},"70":{"start":{"line":119,"column":4},"end":{"line":121,"column":5}},"71":{"start":{"line":120,"column":6},"end":{"line":120,"column":18}},"72":{"start":{"line":123,"column":4},"end":{"line":125,"column":5}},"73":{"start":{"line":124,"column":6},"end":{"line":124,"column":67}},"74":{"start":{"line":127,"column":4},"end":{"line":127,"column":37}},"75":{"start":{"line":128,"column":4},"end":{"line":128,"column":37}},"76":{"start":{"line":129,"column":20},"end":{"line":129,"column":30}},"77":{"start":{"line":130,"column":20},"end":{"line":130,"column":30}},"78":{"start":{"line":133,"column":4},"end":{"line":137,"column":5}},"79":{"start":{"line":134,"column":6},"end":{"line":134,"column":22}},"80":{"start":{"line":136,"column":7},"end":{"line":136,"column":23}},"81":{"start":{"line":138,"column":4},"end":{"line":149,"column":5}},"82":{"start":{"line":138,"column":17},"end":{"line":138,"column":18}},"83":{"start":{"line":140,"column":6},"end":{"line":143,"column":7}},"84":{"start":{"line":141,"column":8},"end":{"line":141,"column":44}},"85":{"start":{"line":142,"column":8},"end":{"line":142,"column":32}},"86":{"start":{"line":145,"column":6},"end":{"line":148,"column":7}},"87":{"start":{"line":146,"column":8},"end":{"line":146,"column":44}},"88":{"start":{"line":147,"column":8},"end":{"line":147,"column":32}},"89":{"start":{"line":152,"column":4},"end":{"line":152,"column":18}},"90":{"start":{"line":157,"column":11},"end":{"line":157,"column":27}},"91":{"start":{"line":159,"column":0},"end":{"line":159,"column":15}},"92":{"start":{"line":160,"column":0},"end":{"line":160,"column":15}},"93":{"start":{"line":161,"column":0},"end":{"line":161,"column":15}},"94":{"start":{"line":162,"column":0},"end":{"line":162,"column":23}},"95":{"start":{"line":163,"column":0},"end":{"line":163,"column":22}},"96":{"start":{"line":168,"column":0},"end":{"line":168,"column":32}},"97":{"start":{"line":170,"column":13},"end":{"line":170,"column":29}},"98":{"start":{"line":171,"column":13},"end":{"line":171,"column":29}},"99":{"start":{"line":181,"column":0},"end":{"line":181,"column":17}},"100":{"start":{"line":182,"column":0},"end":{"line":182,"column":17}},"101":{"start":{"line":183,"column":0},"end":{"line":183,"column":16}},"102":{"start":{"line":184,"column":0},"end":{"line":184,"column":17}},"103":{"start":{"line":185,"column":0},"end":{"line":185,"column":18}},"104":{"start":{"line":190,"column":0},"end":{"line":190,"column":54}},"105":{"start":{"line":194,"column":0},"end":{"line":194,"column":25}}},"fnMap":{"0":{"name":"(anonymous_0)","decl":{"start":{"line":4,"column":2},"end":{"line":4,"column":3}},"loc":{"start":{"line":4,"column":16},"end":{"line":8,"column":3}},"line":4},"1":{"name":"(anonymous_1)","decl":{"start":{"line":10,"column":2},"end":{"line":10,"column":3}},"loc":{"start":{"line":10,"column":14},"end":{"line":21,"column":3}},"line":10},"2":{"name":"(anonymous_2)","decl":{"start":{"line":22,"column":2},"end":{"line":22,"column":3}},"loc":{"start":{"line":22,"column":16},"end":{"line":34,"column":3}},"line":22},"3":{"name":"(anonymous_3)","decl":{"start":{"line":36,"column":2},"end":{"line":36,"column":3}},"loc":{"start":{"line":36,"column":30},"end":{"line":52,"column":3}},"line":36},"4":{"name":"(anonymous_4)","decl":{"start":{"line":53,"column":2},"end":{"line":53,"column":3}},"loc":{"start":{"line":53,"column":29},"end":{"line":65,"column":3}},"line":53},"5":{"name":"(anonymous_5)","decl":{"start":{"line":67,"column":2},"end":{"line":67,"column":3}},"loc":{"start":{"line":67,"column":18},"end":{"line":78,"column":3}},"line":67},"6":{"name":"(anonymous_6)","decl":{"start":{"line":80,"column":2},"end":{"line":80,"column":3}},"loc":{"start":{"line":80,"column":13},"end":{"line":92,"column":3}},"line":80},"7":{"name":"(anonymous_7)","decl":{"start":{"line":94,"column":2},"end":{"line":94,"column":3}},"loc":{"start":{"line":94,"column":16},"end":{"line":110,"column":3}},"line":94},"8":{"name":"(anonymous_8)","decl":{"start":{"line":112,"column":2},"end":{"line":112,"column":3}},"loc":{"start":{"line":112,"column":24},"end":{"line":153,"column":3}},"line":112}},"branchMap":{"0":{"loc":{"start":{"line":12,"column":4},"end":{"line":18,"column":5}},"type":"if","locations":[{"start":{"line":12,"column":4},"end":{"line":18,"column":5}},{"start":{"line":12,"column":4},"end":{"line":18,"column":5}}],"line":12},"1":{"loc":{"start":{"line":24,"column":4},"end":{"line":32,"column":5}},"type":"if","locations":[{"start":{"line":24,"column":4},"end":{"line":32,"column":5}},{"start":{"line":24,"column":4},"end":{"line":32,"column":5}}],"line":24},"2":{"loc":{"start":{"line":39,"column":4},"end":{"line":42,"column":5}},"type":"if","locations":[{"start":{"line":39,"column":4},"end":{"line":42,"column":5}},{"start":{"line":39,"column":4},"end":{"line":42,"column":5}}],"line":39},"3":{"loc":{"start":{"line":44,"column":6},"end":{"line":48,"column":7}},"type":"if","locations":[{"start":{"line":44,"column":6},"end":{"line":48,"column":7}},{"start":{"line":44,"column":6},"end":{"line":48,"column":7}}],"line":44},"4":{"loc":{"start":{"line":57,"column":6},"end":{"line":61,"column":7}},"type":"if","locations":[{"start":{"line":57,"column":6},"end":{"line":61,"column":7}},{"start":{"line":57,"column":6},"end":{"line":61,"column":7}}],"line":57},"5":{"loc":{"start":{"line":70,"column":6},"end":{"line":73,"column":7}},"type":"if","locations":[{"start":{"line":70,"column":6},"end":{"line":73,"column":7}},{"start":{"line":70,"column":6},"end":{"line":73,"column":7}}],"line":70},"6":{"loc":{"start":{"line":82,"column":4},"end":{"line":84,"column":5}},"type":"if","locations":[{"start":{"line":82,"column":4},"end":{"line":84,"column":5}},{"start":{"line":82,"column":4},"end":{"line":84,"column":5}}],"line":82},"7":{"loc":{"start":{"line":95,"column":4},"end":{"line":97,"column":5}},"type":"if","locations":[{"start":{"line":95,"column":4},"end":{"line":97,"column":5}},{"start":{"line":95,"column":4},"end":{"line":97,"column":5}}],"line":95},"8":{"loc":{"start":{"line":98,"column":4},"end":{"line":100,"column":5}},"type":"if","locations":[{"start":{"line":98,"column":4},"end":{"line":100,"column":5}},{"start":{"line":98,"column":4},"end":{"line":100,"column":5}}],"line":98},"9":{"loc":{"start":{"line":115,"column":4},"end":{"line":117,"column":5}},"type":"if","locations":[{"start":{"line":115,"column":4},"end":{"line":117,"column":5}},{"start":{"line":115,"column":4},"end":{"line":117,"column":5}}],"line":115},"10":{"loc":{"start":{"line":119,"column":4},"end":{"line":121,"column":5}},"type":"if","locations":[{"start":{"line":119,"column":4},"end":{"line":121,"column":5}},{"start":{"line":119,"column":4},"end":{"line":121,"column":5}}],"line":119},"11":{"loc":{"start":{"line":123,"column":4},"end":{"line":125,"column":5}},"type":"if","locations":[{"start":{"line":123,"column":4},"end":{"line":125,"column":5}},{"start":{"line":123,"column":4},"end":{"line":125,"column":5}}],"line":123},"12":{"loc":{"start":{"line":123,"column":8},"end":{"line":123,"column":34}},"type":"binary-expr","locations":[{"start":{"line":123,"column":8},"end":{"line":123,"column":19}},{"start":{"line":123,"column":23},"end":{"line":123,"column":34}}],"line":123},"13":{"loc":{"start":{"line":133,"column":4},"end":{"line":137,"column":5}},"type":"if","locations":[{"start":{"line":133,"column":4},"end":{"line":137,"column":5}},{"start":{"line":133,"column":4},"end":{"line":137,"column":5}}],"line":133},"14":{"loc":{"start":{"line":140,"column":6},"end":{"line":143,"column":7}},"type":"if","locations":[{"start":{"line":140,"column":6},"end":{"line":143,"column":7}},{"start":{"line":140,"column":6},"end":{"line":143,"column":7}}],"line":140},"15":{"loc":{"start":{"line":145,"column":6},"end":{"line":148,"column":7}},"type":"if","locations":[{"start":{"line":145,"column":6},"end":{"line":148,"column":7}},{"start":{"line":145,"column":6},"end":{"line":148,"column":7}}],"line":145}},"s":{"0":1,"1":30,"2":30,"3":30,"4":21,"5":21,"6":21,"7":21,"8":0,"9":0,"10":21,"11":21,"12":54,"13":54,"14":1,"15":53,"16":53,"17":67,"18":53,"19":54,"20":2,"21":2,"22":2,"23":0,"24":0,"25":2,"26":2,"27":2,"28":2,"29":2,"30":0,"31":2,"32":2,"33":2,"34":2,"35":2,"36":2,"37":2,"38":2,"39":0,"40":2,"41":2,"42":2,"43":4,"44":1,"45":1,"46":3,"47":1,"48":1,"49":5,"50":5,"51":0,"52":5,"53":5,"54":26,"55":26,"56":5,"57":6,"58":1,"59":5,"60":3,"61":2,"62":2,"63":2,"64":1,"65":1,"66":2,"67":4,"68":4,"69":2,"70":2,"71":0,"72":2,"73":0,"74":2,"75":2,"76":2,"77":2,"78":2,"79":2,"80":0,"81":2,"82":2,"83":8,"84":6,"85":6,"86":8,"87":4,"88":4,"89":2,"90":1,"91":1,"92":1,"93":1,"94":1,"95":1,"96":1,"97":1,"98":1,"99":1,"100":1,"101":1,"102":1,"103":1,"104":1,"105":1},"f":{"0":30,"1":21,"2":54,"3":2,"4":2,"5":2,"6":5,"7":6,"8":4},"b":{"0":[21,0],"1":[1,53],"2":[0,2],"3":[2,0],"4":[2,0],"5":[1,3],"6":[0,5],"7":[1,5],"8":[3,2],"9":[2,2],"10":[0,2],"11":[0,2],"12":[2,0],"13":[2,0],"14":[6,2],"15":[4,4]},"_coverageSchema":"1a1c01bbd47fc00a2c39e90264f33305004495a9","hash":"73bfab9f1bbe225ec8d26cd7df9db5b2e26f66c7"}
,"/home/osama/data-structures-and-algorithms/401-code-challenges/code-challenge08/node.js": {"path":"/home/osama/data-structures-and-algorithms/401-code-challenges/code-challenge08/node.js","statementMap":{"0":{"start":{"line":3,"column":8},"end":{"line":3,"column":25}},"1":{"start":{"line":4,"column":8},"end":{"line":4,"column":23}},"2":{"start":{"line":8,"column":0},"end":{"line":8,"column":20}}},"fnMap":{"0":{"name":"(anonymous_0)","decl":{"start":{"line":2,"column":4},"end":{"line":2,"column":5}},"loc":{"start":{"line":2,"column":22},"end":{"line":5,"column":5}},"line":2}},"branchMap":{},"s":{"0":80,"1":80,"2":2},"f":{"0":80},"b":{},"_coverageSchema":"1a1c01bbd47fc00a2c39e90264f33305004495a9","hash":"d1a556c66c1200f763bb95af9df5d6ceaccbe31a"}
,"/home/osama/data-structures-and-algorithms/401-code-challenges/code-challenge09/linkedList.js": {"path":"/home/osama/data-structures-and-algorithms/401-code-challenges/code-challenge09/linkedList.js","statementMap":{"0":{"start":{"line":1,"column":13},"end":{"line":1,"column":30}},"1":{"start":{"line":5,"column":4},"end":{"line":5,"column":21}},"2":{"start":{"line":6,"column":4},"end":{"line":6,"column":21}},"3":{"start":{"line":7,"column":4},"end":{"line":7,"column":20}},"4":{"start":{"line":11,"column":18},"end":{"line":11,"column":31}},"5":{"start":{"line":12,"column":4},"end":{"line":18,"column":5}},"6":{"start":{"line":13,"column":6},"end":{"line":13,"column":26}},"7":{"start":{"line":14,"column":6},"end":{"line":14,"column":28}},"8":{"start":{"line":16,"column":6},"end":{"line":16,"column":26}},"9":{"start":{"line":17,"column":6},"end":{"line":17,"column":31}},"10":{"start":{"line":19,"column":4},"end":{"line":19,"column":18}},"11":{"start":{"line":20,"column":4},"end":{"line":20,"column":21}},"12":{"start":{"line":23,"column":18},"end":{"line":23,"column":33}},"13":{"start":{"line":24,"column":4},"end":{"line":32,"column":5}},"14":{"start":{"line":25,"column":6},"end":{"line":25,"column":26}},"15":{"start":{"line":27,"column":24},"end":{"line":27,"column":33}},"16":{"start":{"line":28,"column":6},"end":{"line":30,"column":7}},"17":{"start":{"line":29,"column":8},"end":{"line":29,"column":39}},"18":{"start":{"line":31,"column":6},"end":{"line":31,"column":33}},"19":{"start":{"line":33,"column":4},"end":{"line":33,"column":18}},"20":{"start":{"line":37,"column":16},"end":{"line":37,"column":34}},"21":{"start":{"line":38,"column":16},"end":{"line":38,"column":25}},"22":{"start":{"line":39,"column":4},"end":{"line":42,"column":5}},"23":{"start":{"line":40,"column":6},"end":{"line":40,"column":27}},"24":{"start":{"line":41,"column":6},"end":{"line":41,"column":24}},"25":{"start":{"line":43,"column":4},"end":{"line":50,"column":5}},"26":{"start":{"line":44,"column":6},"end":{"line":48,"column":7}},"27":{"start":{"line":45,"column":8},"end":{"line":45,"column":34}},"28":{"start":{"line":46,"column":8},"end":{"line":46,"column":29}},"29":{"start":{"line":47,"column":8},"end":{"line":47,"column":14}},"30":{"start":{"line":49,"column":6},"end":{"line":49,"column":27}},"31":{"start":{"line":51,"column":4},"end":{"line":51,"column":18}},"32":{"start":{"line":54,"column":16},"end":{"line":54,"column":34}},"33":{"start":{"line":55,"column":16},"end":{"line":55,"column":25}},"34":{"start":{"line":56,"column":4},"end":{"line":63,"column":5}},"35":{"start":{"line":57,"column":6},"end":{"line":61,"column":7}},"36":{"start":{"line":58,"column":8},"end":{"line":58,"column":34}},"37":{"start":{"line":59,"column":8},"end":{"line":59,"column":29}},"38":{"start":{"line":60,"column":8},"end":{"line":60,"column":14}},"39":{"start":{"line":62,"column":6},"end":{"line":62,"column":27}},"40":{"start":{"line":64,"column":4},"end":{"line":64,"column":18}},"41":{"start":{"line":68,"column":18},"end":{"line":68,"column":27}},"42":{"start":{"line":69,"column":4},"end":{"line":75,"column":5}},"43":{"start":{"line":70,"column":6},"end":{"line":73,"column":7}},"44":{"start":{"line":71,"column":8},"end":{"line":71,"column":55}},"45":{"start":{"line":72,"column":8},"end":{"line":72,"column":20}},"46":{"start":{"line":74,"column":6},"end":{"line":74,"column":29}},"47":{"start":{"line":76,"column":4},"end":{"line":76,"column":53}},"48":{"start":{"line":77,"column":4},"end":{"line":77,"column":17}},"49":{"start":{"line":81,"column":18},"end":{"line":81,"column":27}},"50":{"start":{"line":82,"column":4},"end":{"line":84,"column":5}},"51":{"start":{"line":83,"column":6},"end":{"line":83,"column":57}},"52":{"start":{"line":86,"column":17},"end":{"line":86,"column":19}},"53":{"start":{"line":87,"column":4},"end":{"line":90,"column":5}},"54":{"start":{"line":88,"column":6},"end":{"line":88,"column":40}},"55":{"start":{"line":89,"column":6},"end":{"line":89,"column":29}},"56":{"start":{"line":91,"column":4},"end":{"line":91,"column":30}},"57":{"start":{"line":95,"column":4},"end":{"line":97,"column":5}},"58":{"start":{"line":96,"column":6},"end":{"line":96,"column":64}},"59":{"start":{"line":98,"column":4},"end":{"line":100,"column":5}},"60":{"start":{"line":99,"column":6},"end":{"line":99,"column":41}},"61":{"start":{"line":103,"column":17},"end":{"line":103,"column":26}},"62":{"start":{"line":104,"column":12},"end":{"line":104,"column":29}},"63":{"start":{"line":105,"column":4},"end":{"line":108,"column":5}},"64":{"start":{"line":106,"column":6},"end":{"line":106,"column":27}},"65":{"start":{"line":107,"column":6},"end":{"line":107,"column":10}},"66":{"start":{"line":109,"column":4},"end":{"line":109,"column":25}},"67":{"start":{"line":114,"column":17},"end":{"line":114,"column":33}},"68":{"start":{"line":115,"column":4},"end":{"line":117,"column":5}},"69":{"start":{"line":116,"column":6},"end":{"line":116,"column":18}},"70":{"start":{"line":119,"column":4},"end":{"line":121,"column":5}},"71":{"start":{"line":120,"column":6},"end":{"line":120,"column":18}},"72":{"start":{"line":123,"column":4},"end":{"line":125,"column":5}},"73":{"start":{"line":124,"column":6},"end":{"line":124,"column":67}},"74":{"start":{"line":127,"column":4},"end":{"line":127,"column":37}},"75":{"start":{"line":128,"column":4},"end":{"line":128,"column":37}},"76":{"start":{"line":129,"column":20},"end":{"line":129,"column":30}},"77":{"start":{"line":130,"column":20},"end":{"line":130,"column":30}},"78":{"start":{"line":133,"column":4},"end":{"line":137,"column":5}},"79":{"start":{"line":134,"column":6},"end":{"line":134,"column":22}},"80":{"start":{"line":136,"column":7},"end":{"line":136,"column":23}},"81":{"start":{"line":138,"column":4},"end":{"line":149,"column":5}},"82":{"start":{"line":138,"column":17},"end":{"line":138,"column":18}},"83":{"start":{"line":140,"column":6},"end":{"line":143,"column":7}},"84":{"start":{"line":141,"column":8},"end":{"line":141,"column":44}},"85":{"start":{"line":142,"column":8},"end":{"line":142,"column":32}},"86":{"start":{"line":145,"column":6},"end":{"line":148,"column":7}},"87":{"start":{"line":146,"column":8},"end":{"line":146,"column":44}},"88":{"start":{"line":147,"column":8},"end":{"line":147,"column":32}},"89":{"start":{"line":152,"column":4},"end":{"line":152,"column":18}},"90":{"start":{"line":156,"column":14},"end":{"line":156,"column":30}},"91":{"start":{"line":157,"column":16},"end":{"line":157,"column":25}},"92":{"start":{"line":158,"column":4},"end":{"line":158,"column":30}},"93":{"start":{"line":159,"column":2},"end":{"line":162,"column":3}},"94":{"start":{"line":160,"column":4},"end":{"line":160,"column":55}},"95":{"start":{"line":161,"column":4},"end":{"line":161,"column":25}},"96":{"start":{"line":163,"column":2},"end":{"line":163,"column":13}},"97":{"start":{"line":168,"column":11},"end":{"line":168,"column":27}},"98":{"start":{"line":170,"column":0},"end":{"line":170,"column":15}},"99":{"start":{"line":171,"column":0},"end":{"line":171,"column":15}},"100":{"start":{"line":172,"column":0},"end":{"line":172,"column":15}},"101":{"start":{"line":173,"column":0},"end":{"line":173,"column":15}},"102":{"start":{"line":174,"column":0},"end":{"line":174,"column":15}},"103":{"start":{"line":175,"column":0},"end":{"line":175,"column":15}},"104":{"start":{"line":177,"column":0},"end":{"line":177,"column":39}},"105":{"start":{"line":181,"column":0},"end":{"line":181,"column":25}}},"fnMap":{"0":{"name":"(anonymous_0)","decl":{"start":{"line":4,"column":2},"end":{"line":4,"column":3}},"loc":{"start":{"line":4,"column":16},"end":{"line":8,"column":3}},"line":4},"1":{"name":"(anonymous_1)","decl":{"start":{"line":10,"column":2},"end":{"line":10,"column":3}},"loc":{"start":{"line":10,"column":14},"end":{"line":21,"column":3}},"line":10},"2":{"name":"(anonymous_2)","decl":{"start":{"line":22,"column":2},"end":{"line":22,"column":3}},"loc":{"start":{"line":22,"column":16},"end":{"line":34,"column":3}},"line":22},"3":{"name":"(anonymous_3)","decl":{"start":{"line":36,"column":2},"end":{"line":36,"column":3}},"loc":{"start":{"line":36,"column":30},"end":{"line":52,"column":3}},"line":36},"4":{"name":"(anonymous_4)","decl":{"start":{"line":53,"column":2},"end":{"line":53,"column":3}},"loc":{"start":{"line":53,"column":29},"end":{"line":65,"column":3}},"line":53},"5":{"name":"(anonymous_5)","decl":{"start":{"line":67,"column":2},"end":{"line":67,"column":3}},"loc":{"start":{"line":67,"column":18},"end":{"line":78,"column":3}},"line":67},"6":{"name":"(anonymous_6)","decl":{"start":{"line":80,"column":2},"end":{"line":80,"column":3}},"loc":{"start":{"line":80,"column":13},"end":{"line":92,"column":3}},"line":80},"7":{"name":"(anonymous_7)","decl":{"start":{"line":94,"column":2},"end":{"line":94,"column":3}},"loc":{"start":{"line":94,"column":16},"end":{"line":110,"column":3}},"line":94},"8":{"name":"(anonymous_8)","decl":{"start":{"line":112,"column":2},"end":{"line":112,"column":3}},"loc":{"start":{"line":112,"column":24},"end":{"line":153,"column":3}},"line":112},"9":{"name":"(anonymous_9)","decl":{"start":{"line":155,"column":2},"end":{"line":155,"column":3}},"loc":{"start":{"line":155,"column":11},"end":{"line":164,"column":3}},"line":155}},"branchMap":{"0":{"loc":{"start":{"line":12,"column":4},"end":{"line":18,"column":5}},"type":"if","locations":[{"start":{"line":12,"column":4},"end":{"line":18,"column":5}},{"start":{"line":12,"column":4},"end":{"line":18,"column":5}}],"line":12},"1":{"loc":{"start":{"line":24,"column":4},"end":{"line":32,"column":5}},"type":"if","locations":[{"start":{"line":24,"column":4},"end":{"line":32,"column":5}},{"start":{"line":24,"column":4},"end":{"line":32,"column":5}}],"line":24},"2":{"loc":{"start":{"line":39,"column":4},"end":{"line":42,"column":5}},"type":"if","locations":[{"start":{"line":39,"column":4},"end":{"line":42,"column":5}},{"start":{"line":39,"column":4},"end":{"line":42,"column":5}}],"line":39},"3":{"loc":{"start":{"line":44,"column":6},"end":{"line":48,"column":7}},"type":"if","locations":[{"start":{"line":44,"column":6},"end":{"line":48,"column":7}},{"start":{"line":44,"column":6},"end":{"line":48,"column":7}}],"line":44},"4":{"loc":{"start":{"line":57,"column":6},"end":{"line":61,"column":7}},"type":"if","locations":[{"start":{"line":57,"column":6},"end":{"line":61,"column":7}},{"start":{"line":57,"column":6},"end":{"line":61,"column":7}}],"line":57},"5":{"loc":{"start":{"line":70,"column":6},"end":{"line":73,"column":7}},"type":"if","locations":[{"start":{"line":70,"column":6},"end":{"line":73,"column":7}},{"start":{"line":70,"column":6},"end":{"line":73,"column":7}}],"line":70},"6":{"loc":{"start":{"line":82,"column":4},"end":{"line":84,"column":5}},"type":"if","locations":[{"start":{"line":82,"column":4},"end":{"line":84,"column":5}},{"start":{"line":82,"column":4},"end":{"line":84,"column":5}}],"line":82},"7":{"loc":{"start":{"line":95,"column":4},"end":{"line":97,"column":5}},"type":"if","locations":[{"start":{"line":95,"column":4},"end":{"line":97,"column":5}},{"start":{"line":95,"column":4},"end":{"line":97,"column":5}}],"line":95},"8":{"loc":{"start":{"line":98,"column":4},"end":{"line":100,"column":5}},"type":"if","locations":[{"start":{"line":98,"column":4},"end":{"line":100,"column":5}},{"start":{"line":98,"column":4},"end":{"line":100,"column":5}}],"line":98},"9":{"loc":{"start":{"line":115,"column":4},"end":{"line":117,"column":5}},"type":"if","locations":[{"start":{"line":115,"column":4},"end":{"line":117,"column":5}},{"start":{"line":115,"column":4},"end":{"line":117,"column":5}}],"line":115},"10":{"loc":{"start":{"line":119,"column":4},"end":{"line":121,"column":5}},"type":"if","locations":[{"start":{"line":119,"column":4},"end":{"line":121,"column":5}},{"start":{"line":119,"column":4},"end":{"line":121,"column":5}}],"line":119},"11":{"loc":{"start":{"line":123,"column":4},"end":{"line":125,"column":5}},"type":"if","locations":[{"start":{"line":123,"column":4},"end":{"line":125,"column":5}},{"start":{"line":123,"column":4},"end":{"line":125,"column":5}}],"line":123},"12":{"loc":{"start":{"line":123,"column":8},"end":{"line":123,"column":34}},"type":"binary-expr","locations":[{"start":{"line":123,"column":8},"end":{"line":123,"column":19}},{"start":{"line":123,"column":23},"end":{"line":123,"column":34}}],"line":123},"13":{"loc":{"start":{"line":133,"column":4},"end":{"line":137,"column":5}},"type":"if","locations":[{"start":{"line":133,"column":4},"end":{"line":137,"column":5}},{"start":{"line":133,"column":4},"end":{"line":137,"column":5}}],"line":133},"14":{"loc":{"start":{"line":140,"column":6},"end":{"line":143,"column":7}},"type":"if","locations":[{"start":{"line":140,"column":6},"end":{"line":143,"column":7}},{"start":{"line":140,"column":6},"end":{"line":143,"column":7}}],"line":140},"15":{"loc":{"start":{"line":145,"column":6},"end":{"line":148,"column":7}},"type":"if","locations":[{"start":{"line":145,"column":6},"end":{"line":148,"column":7}},{"start":{"line":145,"column":6},"end":{"line":148,"column":7}}],"line":145}},"s":{"0":1,"1":28,"2":28,"3":28,"4":21,"5":21,"6":21,"7":21,"8":0,"9":0,"10":21,"11":21,"12":53,"13":53,"14":1,"15":52,"16":52,"17":70,"18":52,"19":53,"20":6,"21":6,"22":6,"23":5,"24":5,"25":6,"26":11,"27":1,"28":1,"29":1,"30":10,"31":6,"32":1,"33":1,"34":1,"35":1,"36":1,"37":1,"38":1,"39":0,"40":1,"41":2,"42":2,"43":4,"44":1,"45":1,"46":3,"47":1,"48":1,"49":5,"50":5,"51":0,"52":5,"53":5,"54":27,"55":27,"56":5,"57":5,"58":1,"59":4,"60":2,"61":2,"62":2,"63":2,"64":1,"65":1,"66":2,"67":3,"68":3,"69":1,"70":2,"71":0,"72":2,"73":0,"74":2,"75":2,"76":2,"77":2,"78":2,"79":2,"80":0,"81":2,"82":2,"83":8,"84":6,"85":6,"86":8,"87":4,"88":4,"89":2,"90":1,"91":1,"92":1,"93":1,"94":5,"95":5,"96":1,"97":1,"98":1,"99":1,"100":1,"101":1,"102":1,"103":1,"104":1,"105":1},"f":{"0":28,"1":21,"2":53,"3":6,"4":1,"5":2,"6":5,"7":5,"8":3,"9":1},"b":{"0":[21,0],"1":[1,52],"2":[5,1],"3":[1,10],"4":[1,0],"5":[1,3],"6":[0,5],"7":[1,4],"8":[2,2],"9":[1,2],"10":[0,2],"11":[0,2],"12":[2,0],"13":[2,0],"14":[6,2],"15":[4,4]},"_coverageSchema":"1a1c01bbd47fc00a2c39e90264f33305004495a9","hash":"620506b758cac8d6dcf043709c05a608fdd4f116"}
,"/home/osama/data-structures-and-algorithms/401-code-challenges/code-challenge09/node.js": {"path":"/home/osama/data-structures-and-algorithms/401-code-challenges/code-challenge09/node.js","statementMap":{"0":{"start":{"line":3,"column":8},"end":{"line":3,"column":25}},"1":{"start":{"line":4,"column":8},"end":{"line":4,"column":23}},"2":{"start":{"line":8,"column":0},"end":{"line":8,"column":20}}},"fnMap":{"0":{"name":"(anonymous_0)","decl":{"start":{"line":2,"column":4},"end":{"line":2,"column":5}},"loc":{"start":{"line":2,"column":22},"end":{"line":5,"column":5}},"line":2}},"branchMap":{},"s":{"0":82,"1":82,"2":2},"f":{"0":82},"b":{},"_coverageSchema":"1a1c01bbd47fc00a2c39e90264f33305004495a9","hash":"52760616e87bde9184f5a2c1a9000892e7fcd040"}
,"/home/osama/data-structures-and-algorithms/401-code-challenges/code-challenge10/node.js": {"path":"/home/osama/data-structures-and-algorithms/401-code-challenges/code-challenge10/node.js","statementMap":{"0":{"start":{"line":3,"column":8},"end":{"line":3,"column":25}},"1":{"start":{"line":4,"column":8},"end":{"line":4,"column":23}},"2":{"start":{"line":8,"column":0},"end":{"line":8,"column":20}}},"fnMap":{"0":{"name":"(anonymous_0)","decl":{"start":{"line":2,"column":4},"end":{"line":2,"column":5}},"loc":{"start":{"line":2,"column":22},"end":{"line":5,"column":5}},"line":2}},"branchMap":{},"s":{"0":19,"1":19,"2":2},"f":{"0":19},"b":{},"_coverageSchema":"1a1c01bbd47fc00a2c39e90264f33305004495a9","hash":"a235caf5c0669c81eb7050cda4078cf4a0a28ba6"}
,"/home/osama/data-structures-and-algorithms/401-code-challenges/code-challenge10/queue.js": {"path":"/home/osama/data-structures-and-algorithms/401-code-challenges/code-challenge10/queue.js","statementMap":{"0":{"start":{"line":3,"column":13},"end":{"line":3,"column":30}},"1":{"start":{"line":7,"column":4},"end":{"line":7,"column":19}},"2":{"start":{"line":11,"column":19},"end":{"line":11,"column":34}},"3":{"start":{"line":12,"column":6},"end":{"line":20,"column":7}},"4":{"start":{"line":13,"column":8},"end":{"line":13,"column":29}},"5":{"start":{"line":15,"column":26},"end":{"line":15,"column":36}},"6":{"start":{"line":16,"column":8},"end":{"line":18,"column":9}},"7":{"start":{"line":17,"column":10},"end":{"line":17,"column":41}},"8":{"start":{"line":19,"column":8},"end":{"line":19,"column":35}},"9":{"start":{"line":25,"column":25},"end":{"line":25,"column":35}},"10":{"start":{"line":26,"column":8},"end":{"line":28,"column":9}},"11":{"start":{"line":27,"column":12},"end":{"line":27,"column":35}},"12":{"start":{"line":29,"column":8},"end":{"line":29,"column":34}},"13":{"start":{"line":30,"column":8},"end":{"line":30,"column":33}},"14":{"start":{"line":34,"column":22},"end":{"line":34,"column":32}},"15":{"start":{"line":35,"column":8},"end":{"line":37,"column":9}},"16":{"start":{"line":36,"column":12},"end":{"line":36,"column":35}},"17":{"start":{"line":38,"column":9},"end":{"line":38,"column":31}},"18":{"start":{"line":42,"column":8},"end":{"line":44,"column":9}},"19":{"start":{"line":43,"column":12},"end":{"line":43,"column":23}},"20":{"start":{"line":45,"column":8},"end":{"line":45,"column":20}},"21":{"start":{"line":52,"column":11},"end":{"line":52,"column":22}},"22":{"start":{"line":56,"column":0},"end":{"line":56,"column":19}},"23":{"start":{"line":60,"column":0},"end":{"line":60,"column":26}},"24":{"start":{"line":63,"column":0},"end":{"line":63,"column":20}}},"fnMap":{"0":{"name":"(anonymous_0)","decl":{"start":{"line":6,"column":4},"end":{"line":6,"column":5}},"loc":{"start":{"line":6,"column":18},"end":{"line":8,"column":5}},"line":6},"1":{"name":"(anonymous_1)","decl":{"start":{"line":10,"column":4},"end":{"line":10,"column":5}},"loc":{"start":{"line":10,"column":18},"end":{"line":22,"column":5}},"line":10},"2":{"name":"(anonymous_2)","decl":{"start":{"line":24,"column":4},"end":{"line":24,"column":5}},"loc":{"start":{"line":24,"column":13},"end":{"line":31,"column":5}},"line":24},"3":{"name":"(anonymous_3)","decl":{"start":{"line":33,"column":4},"end":{"line":33,"column":5}},"loc":{"start":{"line":33,"column":10},"end":{"line":39,"column":5}},"line":33},"4":{"name":"(anonymous_4)","decl":{"start":{"line":41,"column":4},"end":{"line":41,"column":5}},"loc":{"start":{"line":41,"column":11},"end":{"line":46,"column":5}},"line":41}},"branchMap":{"0":{"loc":{"start":{"line":12,"column":6},"end":{"line":20,"column":7}},"type":"if","locations":[{"start":{"line":12,"column":6},"end":{"line":20,"column":7}},{"start":{"line":12,"column":6},"end":{"line":20,"column":7}}],"line":12},"1":{"loc":{"start":{"line":26,"column":8},"end":{"line":28,"column":9}},"type":"if","locations":[{"start":{"line":26,"column":8},"end":{"line":28,"column":9}},{"start":{"line":26,"column":8},"end":{"line":28,"column":9}}],"line":26},"2":{"loc":{"start":{"line":35,"column":8},"end":{"line":37,"column":9}},"type":"if","locations":[{"start":{"line":35,"column":8},"end":{"line":37,"column":9}},{"start":{"line":35,"column":8},"end":{"line":37,"column":9}}],"line":35},"3":{"loc":{"start":{"line":42,"column":8},"end":{"line":44,"column":9}},"type":"if","locations":[{"start":{"line":42,"column":8},"end":{"line":44,"column":9}},{"start":{"line":42,"column":8},"end":{"line":44,"column":9}}],"line":42}},"s":{"0":1,"1":8,"2":9,"3":9,"4":5,"5":4,"6":4,"7":0,"8":4,"9":4,"10":4,"11":1,"12":3,"13":3,"14":2,"15":2,"16":1,"17":1,"18":0,"19":0,"20":0,"21":1,"22":1,"23":1,"24":1},"f":{"0":8,"1":9,"2":4,"3":2,"4":0},"b":{"0":[5,4],"1":[1,3],"2":[1,1],"3":[0,0]},"_coverageSchema":"1a1c01bbd47fc00a2c39e90264f33305004495a9","hash":"0661b7414ab49b3d8a85a37d2835286468b82781"}
,"/home/osama/data-structures-and-algorithms/401-code-challenges/code-challenge10/stack.js": {"path":"/home/osama/data-structures-and-algorithms/401-code-challenges/code-challenge10/stack.js","statementMap":{"0":{"start":{"line":3,"column":13},"end":{"line":3,"column":30}},"1":{"start":{"line":7,"column":4},"end":{"line":7,"column":17}},"2":{"start":{"line":11,"column":19},"end":{"line":11,"column":34}},"3":{"start":{"line":13,"column":4},"end":{"line":13,"column":25}},"4":{"start":{"line":14,"column":8},"end":{"line":14,"column":24}},"5":{"start":{"line":19,"column":25},"end":{"line":19,"column":33}},"6":{"start":{"line":20,"column":8},"end":{"line":22,"column":9}},"7":{"start":{"line":21,"column":12},"end":{"line":21,"column":35}},"8":{"start":{"line":23,"column":8},"end":{"line":23,"column":30}},"9":{"start":{"line":24,"column":8},"end":{"line":24,"column":33}},"10":{"start":{"line":28,"column":22},"end":{"line":28,"column":30}},"11":{"start":{"line":29,"column":8},"end":{"line":31,"column":9}},"12":{"start":{"line":30,"column":12},"end":{"line":30,"column":35}},"13":{"start":{"line":33,"column":8},"end":{"line":33,"column":30}},"14":{"start":{"line":37,"column":8},"end":{"line":39,"column":9}},"15":{"start":{"line":38,"column":12},"end":{"line":38,"column":23}},"16":{"start":{"line":40,"column":8},"end":{"line":40,"column":20}},"17":{"start":{"line":47,"column":11},"end":{"line":47,"column":22}},"18":{"start":{"line":54,"column":0},"end":{"line":54,"column":28}},"19":{"start":{"line":57,"column":0},"end":{"line":57,"column":36}},"20":{"start":{"line":58,"column":0},"end":{"line":58,"column":27}},"21":{"start":{"line":61,"column":1},"end":{"line":61,"column":38}},"22":{"start":{"line":63,"column":0},"end":{"line":63,"column":20}}},"fnMap":{"0":{"name":"(anonymous_0)","decl":{"start":{"line":6,"column":4},"end":{"line":6,"column":5}},"loc":{"start":{"line":6,"column":18},"end":{"line":8,"column":5}},"line":6},"1":{"name":"(anonymous_1)","decl":{"start":{"line":10,"column":4},"end":{"line":10,"column":5}},"loc":{"start":{"line":10,"column":15},"end":{"line":16,"column":5}},"line":10},"2":{"name":"(anonymous_2)","decl":{"start":{"line":18,"column":4},"end":{"line":18,"column":5}},"loc":{"start":{"line":18,"column":9},"end":{"line":25,"column":5}},"line":18},"3":{"name":"(anonymous_3)","decl":{"start":{"line":27,"column":4},"end":{"line":27,"column":5}},"loc":{"start":{"line":27,"column":10},"end":{"line":34,"column":5}},"line":27},"4":{"name":"(anonymous_4)","decl":{"start":{"line":36,"column":4},"end":{"line":36,"column":5}},"loc":{"start":{"line":36,"column":11},"end":{"line":41,"column":5}},"line":36}},"branchMap":{"0":{"loc":{"start":{"line":20,"column":8},"end":{"line":22,"column":9}},"type":"if","locations":[{"start":{"line":20,"column":8},"end":{"line":22,"column":9}},{"start":{"line":20,"column":8},"end":{"line":22,"column":9}}],"line":20},"1":{"loc":{"start":{"line":29,"column":8},"end":{"line":31,"column":9}},"type":"if","locations":[{"start":{"line":29,"column":8},"end":{"line":31,"column":9}},{"start":{"line":29,"column":8},"end":{"line":31,"column":9}}],"line":29},"2":{"loc":{"start":{"line":37,"column":8},"end":{"line":39,"column":9}},"type":"if","locations":[{"start":{"line":37,"column":8},"end":{"line":39,"column":9}},{"start":{"line":37,"column":8},"end":{"line":39,"column":9}}],"line":37}},"s":{"0":1,"1":8,"2":9,"3":9,"4":9,"5":3,"6":3,"7":0,"8":3,"9":3,"10":4,"11":4,"12":3,"13":1,"14":1,"15":1,"16":0,"17":1,"18":1,"19":1,"20":1,"21":1,"22":1},"f":{"0":8,"1":9,"2":3,"3":4,"4":1},"b":{"0":[0,3],"1":[3,1],"2":[1,0]},"_coverageSchema":"1a1c01bbd47fc00a2c39e90264f33305004495a9","hash":"f2993d4bf93e9fc7399bed5462a261a4d17b1e93"}
,"/home/osama/data-structures-and-algorithms/401-code-challenges/code-challenge11/node.js": {"path":"/home/osama/data-structures-and-algorithms/401-code-challenges/code-challenge11/node.js","statementMap":{"0":{"start":{"line":3,"column":8},"end":{"line":3,"column":25}},"1":{"start":{"line":4,"column":8},"end":{"line":4,"column":23}},"2":{"start":{"line":8,"column":0},"end":{"line":8,"column":20}}},"fnMap":{"0":{"name":"(anonymous_0)","decl":{"start":{"line":2,"column":4},"end":{"line":2,"column":5}},"loc":{"start":{"line":2,"column":22},"end":{"line":5,"column":5}},"line":2}},"branchMap":{},"s":{"0":23,"1":23,"2":3},"f":{"0":23},"b":{},"_coverageSchema":"1a1c01bbd47fc00a2c39e90264f33305004495a9","hash":"e41af503164c53cfbc4392554b9bc63c239f4eab"}
,"/home/osama/data-structures-and-algorithms/401-code-challenges/code-challenge11/pseudoQueue.js": {"path":"/home/osama/data-structures-and-algorithms/401-code-challenges/code-challenge11/pseudoQueue.js","statementMap":{"0":{"start":{"line":2,"column":12},"end":{"line":2,"column":30}},"1":{"start":{"line":6,"column":8},"end":{"line":6,"column":31}},"2":{"start":{"line":7,"column":8},"end":{"line":7,"column":31}},"3":{"start":{"line":11,"column":8},"end":{"line":11,"column":32}},"4":{"start":{"line":16,"column":8},"end":{"line":20,"column":9}},"5":{"start":{"line":17,"column":10},"end":{"line":19,"column":11}},"6":{"start":{"line":18,"column":12},"end":{"line":18,"column":47}},"7":{"start":{"line":21,"column":8},"end":{"line":21,"column":32}},"8":{"start":{"line":37,"column":0},"end":{"line":37,"column":27}}},"fnMap":{"0":{"name":"(anonymous_0)","decl":{"start":{"line":5,"column":4},"end":{"line":5,"column":5}},"loc":{"start":{"line":5,"column":18},"end":{"line":9,"column":7}},"line":5},"1":{"name":"(anonymous_1)","decl":{"start":{"line":10,"column":6},"end":{"line":10,"column":7}},"loc":{"start":{"line":10,"column":21},"end":{"line":12,"column":7}},"line":10},"2":{"name":"(anonymous_2)","decl":{"start":{"line":14,"column":6},"end":{"line":14,"column":7}},"loc":{"start":{"line":14,"column":16},"end":{"line":22,"column":7}},"line":14}},"branchMap":{"0":{"loc":{"start":{"line":16,"column":8},"end":{"line":20,"column":9}},"type":"if","locations":[{"start":{"line":16,"column":8},"end":{"line":20,"column":9}},{"start":{"line":16,"column":8},"end":{"line":20,"column":9}}],"line":16}},"s":{"0":1,"1":5,"2":5,"3":7,"4":4,"5":3,"6":5,"7":4,"8":1},"f":{"0":5,"1":7,"2":4},"b":{"0":[3,1]},"_coverageSchema":"1a1c01bbd47fc00a2c39e90264f33305004495a9","hash":"c263e6491052efa5fb5f3c4d51ed1fd16809759b"}
,"/home/osama/data-structures-and-algorithms/401-code-challenges/code-challenge11/stack.js": {"path":"/home/osama/data-structures-and-algorithms/401-code-challenges/code-challenge11/stack.js","statementMap":{"0":{"start":{"line":2,"column":11},"end":{"line":2,"column":28}},"1":{"start":{"line":5,"column":8},"end":{"line":5,"column":22}},"2":{"start":{"line":11,"column":20},"end":{"line":11,"column":35}},"3":{"start":{"line":12,"column":8},"end":{"line":15,"column":9}},"4":{"start":{"line":13,"column":12},"end":{"line":13,"column":33}},"5":{"start":{"line":14,"column":12},"end":{"line":14,"column":28}},"6":{"start":{"line":16,"column":8},"end":{"line":16,"column":24}},"7":{"start":{"line":22,"column":8},"end":{"line":22,"column":45}},"8":{"start":{"line":22,"column":22},"end":{"line":22,"column":45}},"9":{"start":{"line":23,"column":17},"end":{"line":23,"column":25}},"10":{"start":{"line":24,"column":8},"end":{"line":24,"column":30}},"11":{"start":{"line":25,"column":8},"end":{"line":25,"column":24}},"12":{"start":{"line":29,"column":8},"end":{"line":29,"column":31}},"13":{"start":{"line":29,"column":22},"end":{"line":29,"column":31}},"14":{"start":{"line":30,"column":8},"end":{"line":30,"column":29}},"15":{"start":{"line":33,"column":8},"end":{"line":35,"column":9}},"16":{"start":{"line":34,"column":12},"end":{"line":34,"column":23}},"17":{"start":{"line":37,"column":10},"end":{"line":37,"column":23}},"18":{"start":{"line":56,"column":0},"end":{"line":56,"column":23}}},"fnMap":{"0":{"name":"(anonymous_0)","decl":{"start":{"line":4,"column":4},"end":{"line":4,"column":5}},"loc":{"start":{"line":4,"column":17},"end":{"line":7,"column":5}},"line":4},"1":{"name":"(anonymous_1)","decl":{"start":{"line":10,"column":4},"end":{"line":10,"column":5}},"loc":{"start":{"line":10,"column":15},"end":{"line":19,"column":5}},"line":10},"2":{"name":"(anonymous_2)","decl":{"start":{"line":21,"column":4},"end":{"line":21,"column":5}},"loc":{"start":{"line":21,"column":9},"end":{"line":27,"column":5}},"line":21},"3":{"name":"(anonymous_3)","decl":{"start":{"line":28,"column":4},"end":{"line":28,"column":5}},"loc":{"start":{"line":28,"column":10},"end":{"line":31,"column":5}},"line":28},"4":{"name":"(anonymous_4)","decl":{"start":{"line":32,"column":4},"end":{"line":32,"column":5}},"loc":{"start":{"line":32,"column":13},"end":{"line":39,"column":5}},"line":32}},"branchMap":{"0":{"loc":{"start":{"line":12,"column":8},"end":{"line":15,"column":9}},"type":"if","locations":[{"start":{"line":12,"column":8},"end":{"line":15,"column":9}},{"start":{"line":12,"column":8},"end":{"line":15,"column":9}}],"line":12},"1":{"loc":{"start":{"line":22,"column":8},"end":{"line":22,"column":45}},"type":"if","locations":[{"start":{"line":22,"column":8},"end":{"line":22,"column":45}},{"start":{"line":22,"column":8},"end":{"line":22,"column":45}}],"line":22},"2":{"loc":{"start":{"line":29,"column":8},"end":{"line":29,"column":31}},"type":"if","locations":[{"start":{"line":29,"column":8},"end":{"line":29,"column":31}},{"start":{"line":29,"column":8},"end":{"line":29,"column":31}}],"line":29},"3":{"loc":{"start":{"line":33,"column":8},"end":{"line":35,"column":9}},"type":"if","locations":[{"start":{"line":33,"column":8},"end":{"line":35,"column":9}},{"start":{"line":33,"column":8},"end":{"line":35,"column":9}}],"line":33}},"s":{"0":2,"1":18,"2":22,"3":22,"4":11,"5":11,"6":22,"7":13,"8":2,"9":11,"10":11,"11":11,"12":1,"13":0,"14":1,"15":16,"16":8,"17":8,"18":2},"f":{"0":18,"1":22,"2":13,"3":1,"4":16},"b":{"0":[11,11],"1":[2,11],"2":[0,1],"3":[8,8]},"_coverageSchema":"1a1c01bbd47fc00a2c39e90264f33305004495a9","hash":"a89a50d380058f0f98c1d462d0d130f44e4c1313"}
,"/home/osama/data-structures-and-algorithms/401-code-challenges/code-challenge12/node.js": {"path":"/home/osama/data-structures-and-algorithms/401-code-challenges/code-challenge12/node.js","statementMap":{"0":{"start":{"line":3,"column":8},"end":{"line":3,"column":25}},"1":{"start":{"line":4,"column":8},"end":{"line":4,"column":23}},"2":{"start":{"line":8,"column":0},"end":{"line":8,"column":20}}},"fnMap":{"0":{"name":"(anonymous_0)","decl":{"start":{"line":2,"column":4},"end":{"line":2,"column":5}},"loc":{"start":{"line":2,"column":22},"end":{"line":5,"column":5}},"line":2}},"branchMap":{},"s":{"0":30,"1":30,"2":2},"f":{"0":30},"b":{},"_coverageSchema":"1a1c01bbd47fc00a2c39e90264f33305004495a9","hash":"e4ea7e55e023e8c6b263d1e825305ad70c6bcd28"}
,"/home/osama/data-structures-and-algorithms/401-code-challenges/code-challenge12/queue.js": {"path":"/home/osama/data-structures-and-algorithms/401-code-challenges/code-challenge12/queue.js","statementMap":{"0":{"start":{"line":3,"column":13},"end":{"line":3,"column":30}},"1":{"start":{"line":7,"column":4},"end":{"line":7,"column":19}},"2":{"start":{"line":8,"column":4},"end":{"line":8,"column":17}},"3":{"start":{"line":12,"column":6},"end":{"line":14,"column":7}},"4":{"start":{"line":13,"column":8},"end":{"line":13,"column":51}},"5":{"start":{"line":15,"column":19},"end":{"line":15,"column":34}},"6":{"start":{"line":16,"column":6},"end":{"line":24,"column":7}},"7":{"start":{"line":17,"column":8},"end":{"line":17,"column":29}},"8":{"start":{"line":19,"column":26},"end":{"line":19,"column":36}},"9":{"start":{"line":20,"column":8},"end":{"line":22,"column":9}},"10":{"start":{"line":21,"column":10},"end":{"line":21,"column":41}},"11":{"start":{"line":23,"column":8},"end":{"line":23,"column":35}},"12":{"start":{"line":25,"column":4},"end":{"line":25,"column":18}},"13":{"start":{"line":29,"column":23},"end":{"line":29,"column":33}},"14":{"start":{"line":30,"column":6},"end":{"line":32,"column":7}},"15":{"start":{"line":31,"column":10},"end":{"line":31,"column":33}},"16":{"start":{"line":33,"column":6},"end":{"line":33,"column":32}},"17":{"start":{"line":34,"column":6},"end":{"line":34,"column":20}},"18":{"start":{"line":35,"column":6},"end":{"line":35,"column":31}},"19":{"start":{"line":40,"column":6},"end":{"line":42,"column":7}},"20":{"start":{"line":41,"column":8},"end":{"line":41,"column":31}},"21":{"start":{"line":43,"column":6},"end":{"line":45,"column":7}},"22":{"start":{"line":44,"column":8},"end":{"line":44,"column":21}},"23":{"start":{"line":46,"column":17},"end":{"line":46,"column":19}},"24":{"start":{"line":47,"column":15},"end":{"line":47,"column":19}},"25":{"start":{"line":48,"column":8},"end":{"line":60,"column":7}},"26":{"start":{"line":48,"column":21},"end":{"line":48,"column":22}},"27":{"start":{"line":50,"column":11},"end":{"line":58,"column":26}},"28":{"start":{"line":51,"column":24},"end":{"line":51,"column":40}},"29":{"start":{"line":52,"column":12},"end":{"line":52,"column":25}},"30":{"start":{"line":53,"column":12},"end":{"line":53,"column":25}},"31":{"start":{"line":54,"column":12},"end":{"line":54,"column":23}},"32":{"start":{"line":57,"column":11},"end":{"line":57,"column":42}},"33":{"start":{"line":58,"column":12},"end":{"line":58,"column":25}},"34":{"start":{"line":61,"column":6},"end":{"line":61,"column":20}},"35":{"start":{"line":65,"column":20},"end":{"line":65,"column":30}},"36":{"start":{"line":66,"column":6},"end":{"line":68,"column":7}},"37":{"start":{"line":67,"column":8},"end":{"line":67,"column":59}},"38":{"start":{"line":70,"column":19},"end":{"line":70,"column":21}},"39":{"start":{"line":71,"column":6},"end":{"line":74,"column":7}},"40":{"start":{"line":72,"column":8},"end":{"line":72,"column":70}},"41":{"start":{"line":73,"column":8},"end":{"line":73,"column":31}},"42":{"start":{"line":75,"column":6},"end":{"line":75,"column":32}},"43":{"start":{"line":82,"column":14},"end":{"line":82,"column":33}},"44":{"start":{"line":83,"column":0},"end":{"line":84,"column":13}},"45":{"start":{"line":85,"column":0},"end":{"line":86,"column":13}},"46":{"start":{"line":87,"column":0},"end":{"line":88,"column":13}},"47":{"start":{"line":89,"column":0},"end":{"line":90,"column":13}},"48":{"start":{"line":93,"column":0},"end":{"line":93,"column":44}},"49":{"start":{"line":96,"column":0},"end":{"line":96,"column":23}},"50":{"start":{"line":99,"column":0},"end":{"line":99,"column":44}},"51":{"start":{"line":104,"column":0},"end":{"line":104,"column":28}}},"fnMap":{"0":{"name":"(anonymous_0)","decl":{"start":{"line":6,"column":4},"end":{"line":6,"column":5}},"loc":{"start":{"line":6,"column":18},"end":{"line":9,"column":5}},"line":6},"1":{"name":"(anonymous_1)","decl":{"start":{"line":11,"column":4},"end":{"line":11,"column":5}},"loc":{"start":{"line":11,"column":18},"end":{"line":26,"column":5}},"line":11},"2":{"name":"(anonymous_2)","decl":{"start":{"line":28,"column":4},"end":{"line":28,"column":5}},"loc":{"start":{"line":28,"column":12},"end":{"line":36,"column":5}},"line":28},"3":{"name":"(anonymous_3)","decl":{"start":{"line":38,"column":4},"end":{"line":38,"column":5}},"loc":{"start":{"line":38,"column":17},"end":{"line":62,"column":5}},"line":38},"4":{"name":"(anonymous_4)","decl":{"start":{"line":64,"column":4},"end":{"line":64,"column":5}},"loc":{"start":{"line":64,"column":15},"end":{"line":76,"column":5}},"line":64}},"branchMap":{"0":{"loc":{"start":{"line":12,"column":6},"end":{"line":14,"column":7}},"type":"if","locations":[{"start":{"line":12,"column":6},"end":{"line":14,"column":7}},{"start":{"line":12,"column":6},"end":{"line":14,"column":7}}],"line":12},"1":{"loc":{"start":{"line":12,"column":10},"end":{"line":12,"column":54}},"type":"binary-expr","locations":[{"start":{"line":12,"column":10},"end":{"line":12,"column":30}},{"start":{"line":12,"column":34},"end":{"line":12,"column":54}}],"line":12},"2":{"loc":{"start":{"line":16,"column":6},"end":{"line":24,"column":7}},"type":"if","locations":[{"start":{"line":16,"column":6},"end":{"line":24,"column":7}},{"start":{"line":16,"column":6},"end":{"line":24,"column":7}}],"line":16},"3":{"loc":{"start":{"line":30,"column":6},"end":{"line":32,"column":7}},"type":"if","locations":[{"start":{"line":30,"column":6},"end":{"line":32,"column":7}},{"start":{"line":30,"column":6},"end":{"line":32,"column":7}}],"line":30},"4":{"loc":{"start":{"line":40,"column":6},"end":{"line":42,"column":7}},"type":"if","locations":[{"start":{"line":40,"column":6},"end":{"line":42,"column":7}},{"start":{"line":40,"column":6},"end":{"line":42,"column":7}}],"line":40},"5":{"loc":{"start":{"line":43,"column":6},"end":{"line":45,"column":7}},"type":"if","locations":[{"start":{"line":43,"column":6},"end":{"line":45,"column":7}},{"start":{"line":43,"column":6},"end":{"line":45,"column":7}}],"line":43},"6":{"loc":{"start":{"line":43,"column":10},"end":{"line":43,"column":38}},"type":"binary-expr","locations":[{"start":{"line":43,"column":10},"end":{"line":43,"column":23}},{"start":{"line":43,"column":27},"end":{"line":43,"column":38}}],"line":43},"7":{"loc":{"start":{"line":50,"column":11},"end":{"line":58,"column":26}},"type":"if","locations":[{"start":{"line":50,"column":11},"end":{"line":58,"column":26}},{"start":{"line":50,"column":11},"end":{"line":58,"column":26}}],"line":50},"8":{"loc":{"start":{"line":50,"column":15},"end":{"line":50,"column":58}},"type":"binary-expr","locations":[{"start":{"line":50,"column":15},"end":{"line":50,"column":43}},{"start":{"line":50,"column":47},"end":{"line":50,"column":58}}],"line":50},"9":{"loc":{"start":{"line":66,"column":6},"end":{"line":68,"column":7}},"type":"if","locations":[{"start":{"line":66,"column":6},"end":{"line":68,"column":7}},{"start":{"line":66,"column":6},"end":{"line":68,"column":7}}],"line":66}},"s":{"0":1,"1":7,"2":7,"3":30,"4":1,"5":29,"6":29,"7":5,"8":24,"9":24,"10":35,"11":24,"12":29,"13":12,"14":12,"15":0,"16":12,"17":12,"18":12,"19":7,"20":2,"21":5,"22":2,"23":3,"24":3,"25":3,"26":3,"27":12,"28":3,"29":3,"30":3,"31":3,"32":9,"33":9,"34":3,"35":6,"36":6,"37":0,"38":6,"39":6,"40":21,"41":21,"42":6,"43":1,"44":1,"45":1,"46":1,"47":1,"48":1,"49":1,"50":1,"51":1},"f":{"0":7,"1":30,"2":12,"3":7,"4":6},"b":{"0":[1,29],"1":[30,16],"2":[5,24],"3":[0,12],"4":[2,5],"5":[2,3],"6":[5,4],"7":[3,9],"8":[12,6],"9":[0,6]},"_coverageSchema":"1a1c01bbd47fc00a2c39e90264f33305004495a9","hash":"dc084439eed4ad00e657b802c8fd1a59b8ab0c29"}
,"/home/osama/data-structures-and-algorithms/401-code-challenges/code-challenge13/stakequeuebraket.js": {"path":"/home/osama/data-structures-and-algorithms/401-code-challenges/code-challenge13/stakequeuebraket.js","statementMap":{"0":{"start":{"line":1,"column":23},"end":{"line":27,"column":1}},"1":{"start":{"line":2,"column":16},"end":{"line":2,"column":18}},"2":{"start":{"line":4,"column":15},"end":{"line":8,"column":5}},"3":{"start":{"line":10,"column":17},"end":{"line":14,"column":5}},"4":{"start":{"line":16,"column":4},"end":{"line":25,"column":5}},"5":{"start":{"line":16,"column":17},"end":{"line":16,"column":18}},"6":{"start":{"line":18,"column":19},"end":{"line":18,"column":28}},"7":{"start":{"line":20,"column":8},"end":{"line":24,"column":9}},"8":{"start":{"line":21,"column":12},"end":{"line":21,"column":29}},"9":{"start":{"line":22,"column":15},"end":{"line":24,"column":9}},"10":{"start":{"line":23,"column":12},"end":{"line":23,"column":57}},"11":{"start":{"line":23,"column":44},"end":{"line":23,"column":57}},"12":{"start":{"line":26,"column":4},"end":{"line":26,"column":30}},"13":{"start":{"line":30,"column":13},"end":{"line":30,"column":33}},"14":{"start":{"line":31,"column":0},"end":{"line":31,"column":20}},"15":{"start":{"line":33,"column":0},"end":{"line":33,"column":31}}},"fnMap":{"0":{"name":"(anonymous_0)","decl":{"start":{"line":1,"column":23},"end":{"line":1,"column":24}},"loc":{"start":{"line":1,"column":35},"end":{"line":27,"column":1}},"line":1}},"branchMap":{"0":{"loc":{"start":{"line":20,"column":8},"end":{"line":24,"column":9}},"type":"if","locations":[{"start":{"line":20,"column":8},"end":{"line":24,"column":9}},{"start":{"line":20,"column":8},"end":{"line":24,"column":9}}],"line":20},"1":{"loc":{"start":{"line":22,"column":15},"end":{"line":24,"column":9}},"type":"if","locations":[{"start":{"line":22,"column":15},"end":{"line":24,"column":9}},{"start":{"line":22,"column":15},"end":{"line":24,"column":9}}],"line":22},"2":{"loc":{"start":{"line":23,"column":12},"end":{"line":23,"column":57}},"type":"if","locations":[{"start":{"line":23,"column":12},"end":{"line":23,"column":57}},{"start":{"line":23,"column":12},"end":{"line":23,"column":57}}],"line":23}},"s":{"0":1,"1":4,"2":4,"3":4,"4":4,"5":4,"6":14,"7":14,"8":8,"9":6,"10":6,"11":1,"12":3,"13":1,"14":1,"15":1},"f":{"0":4},"b":{"0":[8,6],"1":[6,0],"2":[1,5]},"_coverageSchema":"1a1c01bbd47fc00a2c39e90264f33305004495a9","hash":"8d82350b792eb7110bcdb55fafd11be1bba4902e"}
,"/home/osama/data-structures-and-algorithms/401-code-challenges/code-challenge14/duck-duck-gose.js": {"path":"/home/osama/data-structures-and-algorithms/401-code-challenges/code-challenge14/duck-duck-gose.js","statementMap":{"0":{"start":{"line":5,"column":20},"end":{"line":19,"column":1}},"1":{"start":{"line":6,"column":15},"end":{"line":6,"column":16}},"2":{"start":{"line":7,"column":2},"end":{"line":11,"column":3}},"3":{"start":{"line":8,"column":3},"end":{"line":8,"column":29}},"4":{"start":{"line":10,"column":4},"end":{"line":10,"column":14}},"5":{"start":{"line":12,"column":2},"end":{"line":15,"column":3}},"6":{"start":{"line":13,"column":3},"end":{"line":13,"column":17}},"7":{"start":{"line":18,"column":2},"end":{"line":18,"column":65}},"8":{"start":{"line":23,"column":0},"end":{"line":23,"column":28}}},"fnMap":{"0":{"name":"(anonymous_0)","decl":{"start":{"line":5,"column":20},"end":{"line":5,"column":21}},"loc":{"start":{"line":5,"column":38},"end":{"line":19,"column":1}},"line":5}},"branchMap":{"0":{"loc":{"start":{"line":12,"column":2},"end":{"line":15,"column":3}},"type":"if","locations":[{"start":{"line":12,"column":2},"end":{"line":15,"column":3}},{"start":{"line":12,"column":2},"end":{"line":15,"column":3}}],"line":12},"1":{"loc":{"start":{"line":18,"column":9},"end":{"line":18,"column":64}},"type":"cond-expr","locations":[{"start":{"line":18,"column":30},"end":{"line":18,"column":38}},{"start":{"line":18,"column":41},"end":{"line":18,"column":64}}],"line":18}},"s":{"0":1,"1":4,"2":4,"3":8,"4":8,"5":4,"6":4,"7":4,"8":1},"f":{"0":4},"b":{"0":[4,0],"1":[1,3]},"_coverageSchema":"1a1c01bbd47fc00a2c39e90264f33305004495a9","hash":"830815527102ba118537caab671487379f6703d6"}
,"/home/osama/data-structures-and-algorithms/401-code-challenges/code-challenge15/binarySearchTree.js": {"path":"/home/osama/data-structures-and-algorithms/401-code-challenges/code-challenge15/binarySearchTree.js","statementMap":{"0":{"start":{"line":3,"column":13},"end":{"line":3,"column":30}},"1":{"start":{"line":4,"column":17},"end":{"line":4,"column":40}},"2":{"start":{"line":7,"column":4},"end":{"line":7,"column":12}},"3":{"start":{"line":8,"column":4},"end":{"line":8,"column":21}},"4":{"start":{"line":11,"column":15},"end":{"line":11,"column":30}},"5":{"start":{"line":12,"column":19},"end":{"line":26,"column":5}},"6":{"start":{"line":13,"column":6},"end":{"line":25,"column":7}},"7":{"start":{"line":14,"column":8},"end":{"line":18,"column":9}},"8":{"start":{"line":15,"column":10},"end":{"line":15,"column":30}},"9":{"start":{"line":17,"column":10},"end":{"line":17,"column":39}},"10":{"start":{"line":20,"column":8},"end":{"line":24,"column":9}},"11":{"start":{"line":21,"column":10},"end":{"line":21,"column":31}},"12":{"start":{"line":23,"column":10},"end":{"line":23,"column":40}},"13":{"start":{"line":28,"column":4},"end":{"line":32,"column":5}},"14":{"start":{"line":29,"column":6},"end":{"line":29,"column":23}},"15":{"start":{"line":31,"column":6},"end":{"line":31,"column":32}},"16":{"start":{"line":36,"column":4},"end":{"line":38,"column":5}},"17":{"start":{"line":37,"column":6},"end":{"line":37,"column":19}},"18":{"start":{"line":40,"column":22},"end":{"line":54,"column":5}},"19":{"start":{"line":41,"column":6},"end":{"line":53,"column":7}},"20":{"start":{"line":42,"column":8},"end":{"line":42,"column":20}},"21":{"start":{"line":43,"column":13},"end":{"line":53,"column":7}},"22":{"start":{"line":44,"column":8},"end":{"line":46,"column":9}},"23":{"start":{"line":45,"column":10},"end":{"line":45,"column":23}},"24":{"start":{"line":47,"column":8},"end":{"line":47,"column":48}},"25":{"start":{"line":49,"column":8},"end":{"line":51,"column":9}},"26":{"start":{"line":50,"column":10},"end":{"line":50,"column":23}},"27":{"start":{"line":52,"column":8},"end":{"line":52,"column":49}},"28":{"start":{"line":56,"column":4},"end":{"line":56,"column":41}},"29":{"start":{"line":62,"column":0},"end":{"line":62,"column":34}}},"fnMap":{"0":{"name":"(anonymous_0)","decl":{"start":{"line":6,"column":2},"end":{"line":6,"column":3}},"loc":{"start":{"line":6,"column":16},"end":{"line":9,"column":3}},"line":6},"1":{"name":"(anonymous_1)","decl":{"start":{"line":10,"column":2},"end":{"line":10,"column":3}},"loc":{"start":{"line":10,"column":13},"end":{"line":33,"column":3}},"line":10},"2":{"name":"(anonymous_2)","decl":{"start":{"line":12,"column":19},"end":{"line":12,"column":20}},"loc":{"start":{"line":12,"column":38},"end":{"line":26,"column":5}},"line":12},"3":{"name":"(anonymous_3)","decl":{"start":{"line":35,"column":2},"end":{"line":35,"column":3}},"loc":{"start":{"line":35,"column":18},"end":{"line":57,"column":3}},"line":35},"4":{"name":"(anonymous_4)","decl":{"start":{"line":40,"column":22},"end":{"line":40,"column":23}},"loc":{"start":{"line":40,"column":42},"end":{"line":54,"column":5}},"line":40}},"branchMap":{"0":{"loc":{"start":{"line":13,"column":6},"end":{"line":25,"column":7}},"type":"if","locations":[{"start":{"line":13,"column":6},"end":{"line":25,"column":7}},{"start":{"line":13,"column":6},"end":{"line":25,"column":7}}],"line":13},"1":{"loc":{"start":{"line":14,"column":8},"end":{"line":18,"column":9}},"type":"if","locations":[{"start":{"line":14,"column":8},"end":{"line":18,"column":9}},{"start":{"line":14,"column":8},"end":{"line":18,"column":9}}],"line":14},"2":{"loc":{"start":{"line":20,"column":8},"end":{"line":24,"column":9}},"type":"if","locations":[{"start":{"line":20,"column":8},"end":{"line":24,"column":9}},{"start":{"line":20,"column":8},"end":{"line":24,"column":9}}],"line":20},"3":{"loc":{"start":{"line":28,"column":4},"end":{"line":32,"column":5}},"type":"if","locations":[{"start":{"line":28,"column":4},"end":{"line":32,"column":5}},{"start":{"line":28,"column":4},"end":{"line":32,"column":5}}],"line":28},"4":{"loc":{"start":{"line":36,"column":4},"end":{"line":38,"column":5}},"type":"if","locations":[{"start":{"line":36,"column":4},"end":{"line":38,"column":5}},{"start":{"line":36,"column":4},"end":{"line":38,"column":5}}],"line":36},"5":{"loc":{"start":{"line":41,"column":6},"end":{"line":53,"column":7}},"type":"if","locations":[{"start":{"line":41,"column":6},"end":{"line":53,"column":7}},{"start":{"line":41,"column":6},"end":{"line":53,"column":7}}],"line":41},"6":{"loc":{"start":{"line":43,"column":13},"end":{"line":53,"column":7}},"type":"if","locations":[{"start":{"line":43,"column":13},"end":{"line":53,"column":7}},{"start":{"line":43,"column":13},"end":{"line":53,"column":7}}],"line":43},"7":{"loc":{"start":{"line":44,"column":8},"end":{"line":46,"column":9}},"type":"if","locations":[{"start":{"line":44,"column":8},"end":{"line":46,"column":9}},{"start":{"line":44,"column":8},"end":{"line":46,"column":9}}],"line":44},"8":{"loc":{"start":{"line":49,"column":8},"end":{"line":51,"column":9}},"type":"if","locations":[{"start":{"line":49,"column":8},"end":{"line":51,"column":9}},{"start":{"line":49,"column":8},"end":{"line":51,"column":9}}],"line":49}},"s":{"0":1,"1":1,"2":6,"3":6,"4":34,"5":34,"6":65,"7":22,"8":10,"9":12,"10":43,"11":19,"12":24,"13":34,"14":5,"15":29,"16":1,"17":0,"18":1,"19":1,"20":1,"21":0,"22":0,"23":0,"24":0,"25":0,"26":0,"27":0,"28":1,"29":1},"f":{"0":6,"1":34,"2":65,"3":1,"4":1},"b":{"0":[22,43],"1":[10,12],"2":[19,24],"3":[5,29],"4":[0,1],"5":[1,0],"6":[0,0],"7":[0,0],"8":[0,0]},"_coverageSchema":"1a1c01bbd47fc00a2c39e90264f33305004495a9","hash":"8ae79a0bf0f9d351da307a897cbf2b7337e3b00f"}
[...]
,"/home/osama/data-structures-and-algorithms/401-code-challenges/code-challenge18/binaryTree.js": {"path":"/home/osama/data-structures-and-algorithms/401-code-challenges/code-challenge18/binaryTree.js","statementMap":{"0":{"start":{"line":3,"column":11},"end":{"line":3,"column":28}},"1":{"start":{"line":7,"column":4},"end":{"line":7,"column":21}},"2":{"start":{"line":70,"column":4},"end":{"line":72,"column":5}},"3":{"start":{"line":71,"column":6},"end":{"line":71,"column":21}},"4":{"start":{"line":73,"column":16},"end":{"line":73,"column":22}},"5":{"start":{"line":74,"column":17},"end":{"line":74,"column":19}},"6":{"start":{"line":75,"column":4},"end":{"line":90,"column":5}},"7":{"start":{"line":76,"column":17},"end":{"line":76,"column":30}},"8":{"start":{"line":77,"column":18},"end":{"line":77,"column":28}},"9":{"start":{"line":78,"column":6},"end":{"line":78,"column":25}},"10":{"start":{"line":79,"column":6},"end":{"line":79,"column":25}},"11":{"start":{"line":80,"column":6},"end":{"line":82,"column":7}},"12":{"start":{"line":81,"column":8},"end":{"line":81,"column":17}},"13":{"start":{"line":83,"column":6},"end":{"line":85,"column":7}},"14":{"start":{"line":84,"column":8},"end":{"line":84,"column":30}},"15":{"start":{"line":87,"column":6},"end":{"line":89,"column":7}},"16":{"start":{"line":88,"column":8},"end":{"line":88,"column":31}},"17":{"start":{"line":91,"column":4},"end":{"line":91,"column":18}},"18":{"start":{"line":95,"column":10},"end":{"line":95,"column":21}},"19":{"start":{"line":96,"column":10},"end":{"line":96,"column":21}},"20":{"start":{"line":97,"column":11},"end":{"line":97,"column":22}},"21":{"start":{"line":98,"column":11},"end":{"line":98,"column":22}},"22":{"start":{"line":99,"column":12},"end":{"line":99,"column":23}},"23":{"start":{"line":100,"column":10},"end":{"line":100,"column":21}},"24":{"start":{"line":101,"column":12},"end":{"line":101,"column":23}},"25":{"start":{"line":102,"column":12},"end":{"line":102,"column":24}},"26":{"start":{"line":103,"column":11},"end":{"line":103,"column":22}},"27":{"start":{"line":105,"column":0},"end":{"line":105,"column":15}},"28":{"start":{"line":106,"column":0},"end":{"line":106,"column":18}},"29":{"start":{"line":107,"column":0},"end":{"line":107,"column":16}},"30":{"start":{"line":108,"column":0},"end":{"line":108,"column":17}},"31":{"start":{"line":109,"column":0},"end":{"line":109,"column":18}},"32":{"start":{"line":110,"column":0},"end":{"line":110,"column":18}},"33":{"start":{"line":111,"column":0},"end":{"line":111,"column":19}},"34":{"start":{"line":112,"column":0},"end":{"line":112,"column":16}},"35":{"start":{"line":114,"column":11},"end":{"line":114,"column":27}},"36":{"start":{"line":116,"column":0},"end":{"line":116,"column":16}},"37":{"start":{"line":118,"column":0},"end":{"line":118,"column":41}},"38":{"start":{"line":121,"column":0},"end":{"line":121,"column":28}}},"fnMap":{"0":{"name":"(anonymous_0)","decl":{"start":{"line":6,"column":2},"end":{"line":6,"column":3}},"loc":{"start":{"line":6,"column":16},"end":{"line":8,"column":3}},"line":6},"1":{"name":"(anonymous_1)","decl":{"start":{"line":69,"column":2},"end":{"line":69,"column":3}},"loc":{"start":{"line":69,"column":27},"end":{"line":92,"column":3}},"line":69}},"branchMap":{"0":{"loc":{"start":{"line":70,"column":4},"end":{"line":72,"column":5}},"type":"if","locations":[{"start":{"line":70,"column":4},"end":{"line":72,"column":5}},{"start":{"line":70,"column":4},"end":{"line":72,"column":5}}],"line":70},"1":{"loc":{"start":{"line":80,"column":6},"end":{"line":82,"column":7}},"type":"if","locations":[{"start":{"line":80,"column":6},"end":{"line":82,"column":7}},{"start":{"line":80,"column":6},"end":{"line":82,"column":7}}],"line":80},"2":{"loc":{"start":{"line":80,"column":10},"end":{"line":80,"column":49}},"type":"binary-expr","locations":[{"start":{"line":80,"column":10},"end":{"line":80,"column":27}},{"start":{"line":80,"column":31},"end":{"line":80,"column":49}}],"line":80},"3":{"loc":{"start":{"line":83,"column":6},"end":{"line":85,"column":7}},"type":"if","locations":[{"start":{"line":83,"column":6},"end":{"line":85,"column":7}},{"start":{"line":83,"column":6},"end":{"line":85,"column":7}}],"line":83},"4":{"loc":{"start":{"line":87,"column":6},"end":{"line":89,"column":7}},"type":"if","locations":[{"start":{"line":87,"column":6},"end":{"line":89,"column":7}},{"start":{"line":87,"column":6},"end":{"line":89,"column":7}}],"line":87}},"s":{"0":1,"1":5,"2":1,"3":0,"4":1,"5":1,"6":1,"7":9,"8":9,"9":9,"10":9,"11":9,"12":4,"13":5,"14":4,"15":5,"16":4,"17":1,"18":1,"19":1,"20":1,"21":1,"22":1,"23":1,"24":1,"25":1,"26":1,"27":1,"28":1,"29":1,"30":1,"31":1,"32":1,"33":1,"34":1,"35":1,"36":1,"37":1,"38":1},"f":{"0":5,"1":1},"b":{"0":[0,1],"1":[4,5],"2":[9,5],"3":[4,1],"4":[4,1]},"_coverageSchema":"1a1c01bbd47fc00a2c39e90264f33305004495a9","hash":"bf40063a1ec943fd08155c6f1eac4ed405924f2e"}
,"/home/osama/data-structures-and-algorithms/401-code-challenges/code-challenge18/fizz-buzz-tree.js": {"path":"/home/osama/data-structures-and-algorithms/401-code-challenges/code-challenge18/fizz-buzz-tree.js","statementMap":{"0":{"start":{"line":9,"column":4},"end":{"line":17,"column":5}},"1":{"start":{"line":10,"column":6},"end":{"line":10,"column":28}},"2":{"start":{"line":11,"column":11},"end":{"line":17,"column":5}},"3":{"start":{"line":12,"column":6},"end":{"line":12,"column":24}},"4":{"start":{"line":13,"column":11},"end":{"line":17,"column":5}},"5":{"start":{"line":14,"column":6},"end":{"line":14,"column":24}},"6":{"start":{"line":16,"column":6},"end":{"line":16,"column":34}},"7":{"start":{"line":18,"column":4},"end":{"line":18,"column":20}},"8":{"start":{"line":22,"column":17},"end":{"line":22,"column":19}},"9":{"start":{"line":23,"column":4},"end":{"line":30,"column":5}},"10":{"start":{"line":24,"column":20},"end":{"line":24,"column":29}},"11":{"start":{"line":25,"column":6},"end":{"line":29,"column":7}},"12":{"start":{"line":26,"column":8},"end":{"line":26,"column":37}},"13":{"start":{"line":28,"column":8},"end":{"line":28,"column":42}},"14":{"start":{"line":31,"column":4},"end":{"line":31,"column":18}},"15":{"start":{"line":33,"column":2},"end":{"line":33,"column":23}},"16":{"start":{"line":51,"column":0},"end":{"line":51,"column":30}}},"fnMap":{"0":{"name":"fizzBuzzTree","decl":{"start":{"line":6,"column":9},"end":{"line":6,"column":21}},"loc":{"start":{"line":6,"column":28},"end":{"line":34,"column":1}},"line":6},"1":{"name":"replaceValue","decl":{"start":{"line":7,"column":11},"end":{"line":7,"column":23}},"loc":{"start":{"line":7,"column":31},"end":{"line":19,"column":3}},"line":7},"2":{"name":"trevers","decl":{"start":{"line":21,"column":11},"end":{"line":21,"column":18}},"loc":{"start":{"line":21,"column":25},"end":{"line":32,"column":3}},"line":21}},"branchMap":{"0":{"loc":{"start":{"line":9,"column":4},"end":{"line":17,"column":5}},"type":"if","locations":[{"start":{"line":9,"column":4},"end":{"line":17,"column":5}},{"start":{"line":9,"column":4},"end":{"line":17,"column":5}}],"line":9},"1":{"loc":{"start":{"line":9,"column":8},"end":{"line":9,"column":42}},"type":"binary-expr","locations":[{"start":{"line":9,"column":8},"end":{"line":9,"column":23}},{"start":{"line":9,"column":27},"end":{"line":9,"column":42}}],"line":9},"2":{"loc":{"start":{"line":11,"column":11},"end":{"line":17,"column":5}},"type":"if","locations":[{"start":{"line":11,"column":11},"end":{"line":17,"column":5}},{"start":{"line":11,"column":11},"end":{"line":17,"column":5}}],"line":11},"3":{"loc":{"start":{"line":13,"column":11},"end":{"line":17,"column":5}},"type":"if","locations":[{"start":{"line":13,"column":11},"end":{"line":17,"column":5}},{"start":{"line":13,"column":11},"end":{"line":17,"column":5}}],"line":13},"4":{"loc":{"start":{"line":25,"column":6},"end":{"line":29,"column":7}},"type":"if","locations":[{"start":{"line":25,"column":6},"end":{"line":29,"column":7}},{"start":{"line":25,"column":6},"end":{"line":29,"column":7}}],"line":25},"5":{"loc":{"start":{"line":25,"column":10},"end":{"line":25,"column":44}},"type":"binary-expr","locations":[{"start":{"line":25,"column":10},"end":{"line":25,"column":15}},{"start":{"line":25,"column":19},"end":{"line":25,"column":44}}],"line":25}},"s":{"0":4,"1":1,"2":3,"3":1,"4":2,"5":1,"6":1,"7":4,"8":12,"9":12,"10":12,"11":12,"12":8,"13":4,"14":12,"15":4,"16":1},"f":{"0":4,"1":4,"2":12},"b":{"0":[1,3],"1":[4,2],"2":[1,2],"3":[1,1],"4":[8,4],"5":[12,12]},"_coverageSchema":"1a1c01bbd47fc00a2c39e90264f33305004495a9","hash":"1d77e399131a38437aa8195876a2a08f1195fdd1"}
,"/home/osama/data-structures-and-algorithms/401-code-challenges/code-challenge18/node.js": {"path":"/home/osama/data-structures-and-algorithms/401-code-challenges/code-challenge18/node.js","statementMap":{"0":{"start":{"line":5,"column":4},"end":{"line":5,"column":23}},"1":{"start":{"line":6,"column":4},"end":{"line":6,"column":21}},"2":{"start":{"line":10,"column":0},"end":{"line":10,"column":22}}},"fnMap":{"0":{"name":"(anonymous_0)","decl":{"start":{"line":4,"column":2},"end":{"line":4,"column":3}},"loc":{"start":{"line":4,"column":21},"end":{"line":7,"column":3}},"line":4}},"branchMap":{},"s":{"0":13,"1":13,"2":1},"f":{"0":13},"b":{},"_coverageSchema":"1a1c01bbd47fc00a2c39e90264f33305004495a9","hash":"824e4d02de606650b0e24e435d3337dd976a6306"}
,"/home/osama/data-structures-and-algorithms/401-code-challenges/code.challenge06/linkedList.js": {"path":"/home/osama/data-structures-and-algorithms/401-code-challenges/code.challenge06/linkedList.js","statementMap":{"0":{"start":{"line":1,"column":13},"end":{"line":1,"column":30}},"1":{"start":{"line":5,"column":4},"end":{"line":5,"column":21}},"2":{"start":{"line":6,"column":4},"end":{"line":6,"column":21}},"3":{"start":{"line":7,"column":4},"end":{"line":7,"column":20}},"4":{"start":{"line":11,"column":18},"end":{"line":11,"column":31}},"5":{"start":{"line":12,"column":4},"end":{"line":18,"column":5}},"6":{"start":{"line":13,"column":6},"end":{"line":13,"column":26}},"7":{"start":{"line":14,"column":6},"end":{"line":14,"column":28}},"8":{"start":{"line":16,"column":6},"end":{"line":16,"column":26}},"9":{"start":{"line":17,"column":6},"end":{"line":17,"column":31}},"10":{"start":{"line":19,"column":4},"end":{"line":19,"column":18}},"11":{"start":{"line":20,"column":4},"end":{"line":20,"column":21}},"12":{"start":{"line":23,"column":18},"end":{"line":23,"column":33}},"13":{"start":{"line":24,"column":4},"end":{"line":32,"column":5}},"14":{"start":{"line":25,"column":6},"end":{"line":25,"column":26}},"15":{"start":{"line":27,"column":24},"end":{"line":27,"column":33}},"16":{"start":{"line":28,"column":6},"end":{"line":30,"column":7}},"17":{"start":{"line":29,"column":8},"end":{"line":29,"column":39}},"18":{"start":{"line":31,"column":6},"end":{"line":31,"column":33}},"19":{"start":{"line":36,"column":16},"end":{"line":36,"column":34}},"20":{"start":{"line":37,"column":16},"end":{"line":37,"column":25}},"21":{"start":{"line":38,"column":4},"end":{"line":41,"column":5}},"22":{"start":{"line":39,"column":6},"end":{"line":39,"column":27}},"23":{"start":{"line":40,"column":6},"end":{"line":40,"column":24}},"24":{"start":{"line":42,"column":4},"end":{"line":49,"column":5}},"25":{"start":{"line":43,"column":6},"end":{"line":47,"column":7}},"26":{"start":{"line":44,"column":8},"end":{"line":44,"column":34}},"27":{"start":{"line":45,"column":8},"end":{"line":45,"column":29}},"28":{"start":{"line":46,"column":8},"end":{"line":46,"column":14}},"29":{"start":{"line":48,"column":6},"end":{"line":48,"column":27}},"30":{"start":{"line":52,"column":16},"end":{"line":52,"column":34}},"31":{"start":{"line":53,"column":16},"end":{"line":53,"column":25}},"32":{"start":{"line":54,"column":4},"end":{"line":61,"column":5}},"33":{"start":{"line":55,"column":6},"end":{"line":59,"column":7}},"34":{"start":{"line":56,"column":8},"end":{"line":56,"column":34}},"35":{"start":{"line":57,"column":8},"end":{"line":57,"column":29}},"36":{"start":{"line":58,"column":8},"end":{"line":58,"column":14}},"37":{"start":{"line":60,"column":6},"end":{"line":60,"column":27}},"38":{"start":{"line":65,"column":18},"end":{"line":65,"column":27}},"39":{"start":{"line":66,"column":4},"end":{"line":72,"column":5}},"40":{"start":{"line":67,"column":6},"end":{"line":70,"column":7}},"41":{"start":{"line":68,"column":8},"end":{"line":68,"column":55}},"42":{"start":{"line":69,"column":8},"end":{"line":69,"column":20}},"43":{"start":{"line":71,"column":6},"end":{"line":71,"column":29}},"44":{"start":{"line":73,"column":4},"end":{"line":73,"column":53}},"45":{"start":{"line":74,"column":4},"end":{"line":74,"column":17}},"46":{"start":{"line":78,"column":18},"end":{"line":78,"column":27}},"47":{"start":{"line":79,"column":4},"end":{"line":81,"column":5}},"48":{"start":{"line":80,"column":6},"end":{"line":80,"column":57}},"49":{"start":{"line":83,"column":17},"end":{"line":83,"column":19}},"50":{"start":{"line":84,"column":4},"end":{"line":87,"column":5}},"51":{"start":{"line":85,"column":6},"end":{"line":85,"column":40}},"52":{"start":{"line":86,"column":6},"end":{"line":86,"column":29}},"53":{"start":{"line":88,"column":4},"end":{"line":88,"column":30}},"54":{"start":{"line":92,"column":11},"end":{"line":92,"column":27}},"55":{"start":{"line":93,"column":0},"end":{"line":93,"column":15}},"56":{"start":{"line":94,"column":0},"end":{"line":94,"column":15}},"57":{"start":{"line":95,"column":0},"end":{"line":95,"column":15}},"58":{"start":{"line":96,"column":0},"end":{"line":96,"column":23}},"59":{"start":{"line":97,"column":0},"end":{"line":97,"column":22}},"60":{"start":{"line":101,"column":0},"end":{"line":101,"column":25}}},"fnMap":{"0":{"name":"(anonymous_0)","decl":{"start":{"line":4,"column":2},"end":{"line":4,"column":3}},"loc":{"start":{"line":4,"column":16},"end":{"line":8,"column":3}},"line":4},"1":{"name":"(anonymous_1)","decl":{"start":{"line":10,"column":2},"end":{"line":10,"column":3}},"loc":{"start":{"line":10,"column":14},"end":{"line":21,"column":3}},"line":10},"2":{"name":"(anonymous_2)","decl":{"start":{"line":22,"column":2},"end":{"line":22,"column":3}},"loc":{"start":{"line":22,"column":16},"end":{"line":33,"column":3}},"line":22},"3":{"name":"(anonymous_3)","decl":{"start":{"line":35,"column":2},"end":{"line":35,"column":3}},"loc":{"start":{"line":35,"column":30},"end":{"line":50,"column":3}},"line":35},"4":{"name":"(anonymous_4)","decl":{"start":{"line":51,"column":2},"end":{"line":51,"column":3}},"loc":{"start":{"line":51,"column":29},"end":{"line":62,"column":3}},"line":51},"5":{"name":"(anonymous_5)","decl":{"start":{"line":64,"column":2},"end":{"line":64,"column":3}},"loc":{"start":{"line":64,"column":18},"end":{"line":75,"column":3}},"line":64},"6":{"name":"(anonymous_6)","decl":{"start":{"line":77,"column":2},"end":{"line":77,"column":3}},"loc":{"start":{"line":77,"column":13},"end":{"line":89,"column":3}},"line":77}},"branchMap":{"0":{"loc":{"start":{"line":12,"column":4},"end":{"line":18,"column":5}},"type":"if","locations":[{"start":{"line":12,"column":4},"end":{"line":18,"column":5}},{"start":{"line":12,"column":4},"end":{"line":18,"column":5}}],"line":12},"1":{"loc":{"start":{"line":24,"column":4},"end":{"line":32,"column":5}},"type":"if","locations":[{"start":{"line":24,"column":4},"end":{"line":32,"column":5}},{"start":{"line":24,"column":4},"end":{"line":32,"column":5}}],"line":24},"2":{"loc":{"start":{"line":38,"column":4},"end":{"line":41,"column":5}},"type":"if","locations":[{"start":{"line":38,"column":4},"end":{"line":41,"column":5}},{"start":{"line":38,"column":4},"end":{"line":41,"column":5}}],"line":38},"3":{"loc":{"start":{"line":43,"column":6},"end":{"line":47,"column":7}},"type":"if","locations":[{"start":{"line":43,"column":6},"end":{"line":47,"column":7}},{"start":{"line":43,"column":6},"end":{"line":47,"column":7}}],"line":43},"4":{"loc":{"start":{"line":55,"column":6},"end":{"line":59,"column":7}},"type":"if","locations":[{"start":{"line":55,"column":6},"end":{"line":59,"column":7}},{"start":{"line":55,"column":6},"end":{"line":59,"column":7}}],"line":55},"5":{"loc":{"start":{"line":67,"column":6},"end":{"line":70,"column":7}},"type":"if","locations":[{"start":{"line":67,"column":6},"end":{"line":70,"column":7}},{"start":{"line":67,"column":6},"end":{"line":70,"column":7}}],"line":67},"6":{"loc":{"start":{"line":79,"column":4},"end":{"line":81,"column":5}},"type":"if","locations":[{"start":{"line":79,"column":4},"end":{"line":81,"column":5}},{"start":{"line":79,"column":4},"end":{"line":81,"column":5}}],"line":79}},"s":{"0":1,"1":10,"2":10,"3":10,"4":8,"5":8,"6":8,"7":8,"8":0,"9":0,"10":8,"11":8,"12":12,"13":12,"14":1,"15":11,"16":11,"17":3,"18":11,"19":2,"20":2,"21":2,"22":0,"23":0,"24":2,"25":2,"26":2,"27":2,"28":2,"29":0,"30":2,"31":2,"32":2,"33":2,"34":2,"35":2,"36":2,"37":0,"38":2,"39":2,"40":4,"41":1,"42":1,"43":3,"44":1,"45":1,"46":1,"47":1,"48":0,"49":1,"50":1,"51":2,"52":2,"53":1,"54":1,"55":1,"56":1,"57":1,"58":1,"59":1,"60":1},"f":{"0":10,"1":8,"2":12,"3":2,"4":2,"5":2,"6":1},"b":{"0":[8,0],"1":[1,11],"2":[0,2],"3":[2,0],"4":[2,0],"5":[1,3],"6":[0,1]},"_coverageSchema":"1a1c01bbd47fc00a2c39e90264f33305004495a9","hash":"a6a2b432270aaad2cddb5e2da763b55cd0f8d840"}
,"/home/osama/data-structures-and-algorithms/401-code-challenges/code.challenge06/node.js": {"path":"/home/osama/data-structures-and-algorithms/401-code-challenges/code.challenge06/node.js","statementMap":{"0":{"start":{"line":3,"column":8},"end":{"line":3,"column":25}},"1":{"start":{"line":4,"column":8},"end":{"line":4,"column":23}},"2":{"start":{"line":8,"column":0},"end":{"line":8,"column":20}}},"fnMap":{"0":{"name":"(anonymous_0)","decl":{"start":{"line":2,"column":4},"end":{"line":2,"column":5}},"loc":{"start":{"line":2,"column":22},"end":{"line":5,"column":5}},"line":2}},"branchMap":{},"s":{"0":25,"1":25,"2":2},"f":{"0":25},"b":{},"_coverageSchema":"1a1c01bbd47fc00a2c39e90264f33305004495a9","hash":"eda02e943ecb97c3122c2f75439d2417c52d8fd0"}
,"/home/osama/data-structures-and-algorithms/javascript/code-challenges/reverse-ll/reverse-ll.js": {"path":"/home/osama/data-structures-and-algorithms/javascript/code-challenges/reverse-ll/reverse-ll.js","statementMap":{"0":{"start":{"line":4,"column":19},"end":{"line":4,"column":47}},"1":{"start":{"line":12,"column":0},"end":{"line":16,"column":1}},"2":{"start":{"line":14,"column":2},"end":{"line":14,"column":14}}},"fnMap":{"0":{"name":"reverse","decl":{"start":{"line":12,"column":26},"end":{"line":12,"column":33}},"loc":{"start":{"line":12,"column":40},"end":{"line":16,"column":1}},"line":12}},"branchMap":{},"s":{"0":1,"1":1,"2":1},"f":{"0":1},"b":{},"_coverageSchema":"1a1c01bbd47fc00a2c39e90264f33305004495a9","hash":"bbb90bc91d8d385cd6df60ebf876cbd95baccdac"}
,"/home/osama/data-structures-and-algorithms/javascript/linked-list/index.js": {"path":"/home/osama/data-structures-and-algorithms/javascript/linked-list/index.js","statementMap":{"0":{"start":{"line":7,"column":0},"end":{"line":7,"column":28}}},"fnMap":{},"branchMap":{},"s":{"0":2},"f":{},"b":{},"_coverageSchema":"1a1c01bbd47fc00a2c39e90264f33305004495a9","hash":"3332e09d372e0a426f8a247f03aa22f91ef8339d"}
}
