TN:
SF:401-code-challenges/code-challenge05/linkedlist.js
FN:4,(anonymous_0)
FN:10,(anonymous_1)
FN:22,(anonymous_2)
FN:35,(anonymous_3)
FN:46,(anonymous_4)
FNF:5
FNH:5
FNDA:1,(anonymous_0)
FNDA:1,(anonymous_1)
FNDA:1,(anonymous_2)
FNDA:1,(anonymous_3)
FNDA:1,(anonymous_4)
DA:1,1
DA:5,1
DA:6,1
DA:7,1
DA:11,1
DA:12,1
DA:13,1
DA:14,1
DA:16,0
DA:17,0
DA:19,1
DA:20,1
DA:23,1
DA:24,1
DA:25,0
DA:27,1
DA:28,1
DA:29,0
DA:31,1
DA:36,1
DA:37,1
DA:38,2
DA:39,1
DA:41,1
DA:43,0
DA:47,1
DA:48,1
DA:49,0
DA:52,1
DA:53,1
DA:54,2
DA:55,2
DA:57,1
DA:61,1
DA:62,1
DA:63,1
DA:66,1
DA:67,1
DA:68,1
DA:73,1
LF:40
LH:34
BRDA:12,0,0,1
BRDA:12,0,1,0
BRDA:24,1,0,0
BRDA:24,1,1,1
BRDA:38,2,0,1
BRDA:38,2,1,1
BRDA:48,3,0,0
BRDA:48,3,1,1
BRF:8
BRH:5
end_of_record
TN:
SF:401-code-challenges/code-challenge05/node.js
FN:2,(anonymous_0)
FNF:1
FNH:1
FNDA:3,(anonymous_0)
DA:3,3
DA:4,3
DA:8,2
LF:3
LH:3
BRF:0
BRH:0
end_of_record
TN:
SF:401-code-challenges/code-challenge07/linkedList.js
FN:4,(anonymous_0)
FN:10,(anonymous_1)
FN:22,(anonymous_2)
FN:36,(anonymous_3)
FN:53,(anonymous_4)
FN:67,(anonymous_5)
FN:80,(anonymous_6)
FN:94,(anonymous_7)
FNF:8
FNH:8
FNDA:15,(anonymous_0)
FNDA:13,(anonymous_1)
FNDA:24,(anonymous_2)
FNDA:2,(anonymous_3)
FNDA:2,(anonymous_4)
FNDA:2,(anonymous_5)
FNDA:2,(anonymous_6)
FNDA:6,(anonymous_7)
DA:1,1
DA:5,15
DA:6,15
DA:7,15
DA:11,13
DA:12,13
DA:13,13
DA:14,13
DA:16,0
DA:17,0
DA:19,13
DA:20,13
DA:23,24
DA:24,24
DA:25,1
DA:27,23
DA:28,23
DA:29,15
DA:31,23
DA:33,24
DA:37,2
DA:38,2
DA:39,2
DA:40,0
DA:41,0
DA:43,2
DA:44,2
DA:45,2
DA:46,2
DA:47,2
DA:49,0
DA:51,2
DA:54,2
DA:55,2
DA:56,2
DA:57,2
DA:58,2
DA:59,2
DA:60,2
DA:62,0
DA:64,2
DA:68,2
DA:69,2
DA:70,4
DA:71,1
DA:72,1
DA:74,3
DA:76,1
DA:77,1
DA:81,2
DA:82,2
DA:83,0
DA:86,2
DA:87,2
DA:88,7
DA:89,7
DA:91,2
DA:95,6
DA:96,1
DA:98,5
DA:99,3
DA:103,2
DA:104,2
DA:105,2
DA:106,1
DA:107,1
DA:109,2
DA:114,1
DA:115,1
DA:116,1
DA:117,1
DA:118,1
DA:119,1
DA:122,1
DA:124,1
DA:130,1
LF:76
LH:69
BRDA:12,0,0,13
BRDA:12,0,1,0
BRDA:24,1,0,1
BRDA:24,1,1,23
BRDA:39,2,0,0
BRDA:39,2,1,2
BRDA:44,3,0,2
BRDA:44,3,1,0
BRDA:57,4,0,2
BRDA:57,4,1,0
BRDA:70,5,0,1
BRDA:70,5,1,3
BRDA:82,6,0,0
BRDA:82,6,1,2
BRDA:95,7,0,1
BRDA:95,7,1,5
BRDA:98,8,0,3
BRDA:98,8,1,2
BRF:18
BRH:13
end_of_record
TN:
SF:401-code-challenges/code-challenge07/node.js
FN:2,(anonymous_0)
FNF:1
FNH:1
FNDA:42,(anonymous_0)
DA:3,42
DA:4,42
DA:8,2
LF:3
LH:3
BRF:0
BRH:0
end_of_record
TN:
SF:401-code-challenges/code-challenge08/linkedList.js
FN:4,(anonymous_0)
FN:10,(anonymous_1)
FN:22,(anonymous_2)
FN:36,(anonymous_3)
FN:53,(anonymous_4)
FN:67,(anonymous_5)
FN:80,(anonymous_6)
FN:94,(anonymous_7)
FN:112,(anonymous_8)
FNF:9
FNH:9
FNDA:30,(anonymous_0)
FNDA:21,(anonymous_1)
FNDA:54,(anonymous_2)
FNDA:2,(anonymous_3)
FNDA:2,(anonymous_4)
FNDA:2,(anonymous_5)
FNDA:5,(anonymous_6)
FNDA:6,(anonymous_7)
FNDA:4,(anonymous_8)
DA:1,1
DA:5,30
DA:6,30
DA:7,30
DA:11,21
DA:12,21
DA:13,21
DA:14,21
DA:16,0
DA:17,0
DA:19,21
DA:20,21
DA:23,54
DA:24,54
DA:25,1
DA:27,53
DA:28,53
DA:29,67
DA:31,53
DA:33,54
DA:37,2
DA:38,2
DA:39,2
DA:40,0
DA:41,0
DA:43,2
DA:44,2
DA:45,2
DA:46,2
DA:47,2
DA:49,0
DA:51,2
DA:54,2
DA:55,2
DA:56,2
DA:57,2
DA:58,2
DA:59,2
DA:60,2
DA:62,0
DA:64,2
DA:68,2
DA:69,2
DA:70,4
DA:71,1
DA:72,1
DA:74,3
DA:76,1
DA:77,1
DA:81,5
DA:82,5
DA:83,0
DA:86,5
DA:87,5
DA:88,26
DA:89,26
DA:91,5
DA:95,6
DA:96,1
DA:98,5
DA:99,3
DA:103,2
DA:104,2
DA:105,2
DA:106,1
DA:107,1
DA:109,2
DA:114,4
DA:115,4
DA:116,2
DA:119,2
DA:120,0
DA:123,2
DA:124,0
DA:127,2
DA:128,2
DA:129,2
DA:130,2
DA:133,2
DA:134,2
DA:136,0
DA:138,2
DA:140,8
DA:141,6
DA:142,6
DA:145,8
DA:146,4
DA:147,4
DA:152,2
DA:157,1
DA:159,1
DA:160,1
DA:161,1
DA:162,1
DA:163,1
DA:168,1
DA:170,1
DA:171,1
DA:181,1
DA:182,1
DA:183,1
DA:184,1
DA:185,1
DA:190,1
DA:194,1
LF:105
LH:95
BRDA:12,0,0,21
BRDA:12,0,1,0
BRDA:24,1,0,1
BRDA:24,1,1,53
BRDA:39,2,0,0
BRDA:39,2,1,2
BRDA:44,3,0,2
BRDA:44,3,1,0
BRDA:57,4,0,2
BRDA:57,4,1,0
BRDA:70,5,0,1
BRDA:70,5,1,3
BRDA:82,6,0,0
BRDA:82,6,1,5
BRDA:95,7,0,1
BRDA:95,7,1,5
BRDA:98,8,0,3
BRDA:98,8,1,2
BRDA:115,9,0,2
BRDA:115,9,1,2
BRDA:119,10,0,0
BRDA:119,10,1,2
BRDA:123,11,0,0
BRDA:123,11,1,2
BRDA:123,12,0,2
BRDA:123,12,1,0
BRDA:133,13,0,2
BRDA:133,13,1,0
BRDA:140,14,0,6
BRDA:140,14,1,2
BRDA:145,15,0,4
BRDA:145,15,1,4
BRF:32
BRH:23
end_of_record
TN:
SF:401-code-challenges/code-challenge08/node.js
FN:2,(anonymous_0)
FNF:1
FNH:1
FNDA:80,(anonymous_0)
DA:3,80
DA:4,80
DA:8,2
LF:3
LH:3
BRF:0
BRH:0
end_of_record
TN:
SF:401-code-challenges/code-challenge09/linkedList.js
FN:4,(anonymous_0)
FN:10,(anonymous_1)
FN:22,(anonymous_2)
FN:36,(anonymous_3)
FN:53,(anonymous_4)
FN:67,(anonymous_5)
FN:80,(anonymous_6)
FN:94,(anonymous_7)
FN:112,(anonymous_8)
FN:155,(anonymous_9)
FNF:10
FNH:10
FNDA:28,(anonymous_0)
FNDA:21,(anonymous_1)
FNDA:53,(anonymous_2)
FNDA:6,(anonymous_3)
FNDA:1,(anonymous_4)
FNDA:2,(anonymous_5)
FNDA:5,(anonymous_6)
FNDA:5,(anonymous_7)
FNDA:3,(anonymous_8)
FNDA:1,(anonymous_9)
DA:1,1
DA:5,28
DA:6,28
DA:7,28
DA:11,21
DA:12,21
DA:13,21
DA:14,21
DA:16,0
DA:17,0
DA:19,21
DA:20,21
DA:23,53
DA:24,53
DA:25,1
DA:27,52
DA:28,52
DA:29,70
DA:31,52
DA:33,53
DA:37,6
DA:38,6
DA:39,6
DA:40,5
DA:41,5
DA:43,6
DA:44,11
DA:45,1
DA:46,1
DA:47,1
DA:49,10
DA:51,6
DA:54,1
DA:55,1
DA:56,1
DA:57,1
DA:58,1
DA:59,1
DA:60,1
DA:62,0
DA:64,1
DA:68,2
DA:69,2
DA:70,4
DA:71,1
DA:72,1
DA:74,3
DA:76,1
DA:77,1
DA:81,5
DA:82,5
DA:83,0
DA:86,5
DA:87,5
DA:88,27
DA:89,27
DA:91,5
DA:95,5
DA:96,1
DA:98,4
DA:99,2
DA:103,2
DA:104,2
DA:105,2
DA:106,1
DA:107,1
DA:109,2
DA:114,3
DA:115,3
DA:116,1
DA:119,2
DA:120,0
DA:123,2
DA:124,0
DA:127,2
DA:128,2
DA:129,2
DA:130,2
DA:133,2
DA:134,2
DA:136,0
DA:138,2
DA:140,8
DA:141,6
DA:142,6
DA:145,8
DA:146,4
DA:147,4
DA:152,2
DA:156,1
DA:157,1
DA:158,1
DA:159,1
DA:160,5
DA:161,5
DA:163,1
DA:168,1
DA:170,1
DA:171,1
DA:172,1
DA:173,1
DA:174,1
DA:175,1
DA:177,1
DA:181,1
LF:105
LH:98
BRDA:12,0,0,21
BRDA:12,0,1,0
BRDA:24,1,0,1
BRDA:24,1,1,52
BRDA:39,2,0,5
BRDA:39,2,1,1
BRDA:44,3,0,1
BRDA:44,3,1,10
BRDA:57,4,0,1
BRDA:57,4,1,0
BRDA:70,5,0,1
BRDA:70,5,1,3
BRDA:82,6,0,0
BRDA:82,6,1,5
BRDA:95,7,0,1
BRDA:95,7,1,4
BRDA:98,8,0,2
BRDA:98,8,1,2
BRDA:115,9,0,1
BRDA:115,9,1,2
BRDA:119,10,0,0
BRDA:119,10,1,2
BRDA:123,11,0,0
BRDA:123,11,1,2
BRDA:123,12,0,2
BRDA:123,12,1,0
BRDA:133,13,0,2
BRDA:133,13,1,0
BRDA:140,14,0,6
BRDA:140,14,1,2
BRDA:145,15,0,4
BRDA:145,15,1,4
BRF:32
BRH:25
end_of_record
TN:
SF:401-code-challenges/code-challenge09/node.js
FN:2,(anonymous_0)
FNF:1
FNH:1
FNDA:82,(anonymous_0)
DA:3,82
DA:4,82
DA:8,2
LF:3
LH:3
BRF:0
BRH:0
end_of_record
TN:
SF:401-code-challenges/code-challenge10/node.js
FN:2,(anonymous_0)
FNF:1
FNH:1
FNDA:19,(anonymous_0)
DA:3,19
DA:4,19
DA:8,2
LF:3
LH:3
BRF:0
BRH:0
end_of_record
TN:
SF:401-code-challenges/code-challenge10/queue.js
FN:6,(anonymous_0)
FN:10,(anonymous_1)
FN:24,(anonymous_2)
FN:33,(anonymous_3)
FN:41,(anonymous_4)
FNF:5
FNH:4
FNDA:8,(anonymous_0)
FNDA:9,(anonymous_1)
FNDA:4,(anonymous_2)
FNDA:2,(anonymous_3)
FNDA:0,(anonymous_4)
DA:3,1
DA:7,8
DA:11,9
DA:12,9
DA:13,5
DA:15,4
DA:16,4
DA:17,0
DA:19,4
DA:25,4
DA:26,4
DA:27,1
DA:29,3
DA:30,3
DA:34,2
DA:35,2
DA:36,1
DA:38,1
DA:42,0
DA:43,0
DA:45,0
DA:52,1
DA:56,1
DA:60,1
DA:63,1
LF:25
LH:21
BRDA:12,0,0,5
BRDA:12,0,1,4
BRDA:26,1,0,1
BRDA:26,1,1,3
BRDA:35,2,0,1
BRDA:35,2,1,1
BRDA:42,3,0,0
BRDA:42,3,1,0
BRF:8
BRH:6
end_of_record
TN:
SF:401-code-challenges/code-challenge10/stack.js
FN:6,(anonymous_0)
FN:10,(anonymous_1)
FN:18,(anonymous_2)
FN:27,(anonymous_3)
FN:36,(anonymous_4)
FNF:5
FNH:5
FNDA:8,(anonymous_0)
FNDA:9,(anonymous_1)
FNDA:3,(anonymous_2)
FNDA:4,(anonymous_3)
FNDA:1,(anonymous_4)
DA:3,1
DA:7,8
DA:11,9
DA:13,9
DA:14,9
DA:19,3
DA:20,3
DA:21,0
DA:23,3
DA:24,3
DA:28,4
DA:29,4
DA:30,3
DA:33,1
DA:37,1
DA:38,1
DA:40,0
DA:47,1
DA:54,1
DA:57,1
DA:58,1
DA:61,1
DA:63,1
LF:23
LH:21
BRDA:20,0,0,0
BRDA:20,0,1,3
BRDA:29,1,0,3
BRDA:29,1,1,1
BRDA:37,2,0,1
BRDA:37,2,1,0
BRF:6
BRH:4
end_of_record
TN:
SF:401-code-challenges/code.challenge06/linkedList.js
FN:4,(anonymous_0)
FN:10,(anonymous_1)
FN:22,(anonymous_2)
FN:35,(anonymous_3)
FN:51,(anonymous_4)
FN:64,(anonymous_5)
FN:77,(anonymous_6)
FNF:7
FNH:7
FNDA:10,(anonymous_0)
FNDA:8,(anonymous_1)
FNDA:12,(anonymous_2)
FNDA:2,(anonymous_3)
FNDA:2,(anonymous_4)
FNDA:2,(anonymous_5)
FNDA:1,(anonymous_6)
DA:1,1
DA:5,10
DA:6,10
DA:7,10
DA:11,8
DA:12,8
DA:13,8
DA:14,8
DA:16,0
DA:17,0
DA:19,8
DA:20,8
DA:23,12
DA:24,12
DA:25,1
DA:27,11
DA:28,11
DA:29,3
DA:31,11
DA:36,2
DA:37,2
DA:38,2
DA:39,0
DA:40,0
DA:42,2
DA:43,2
DA:44,2
DA:45,2
DA:46,2
DA:48,0
DA:52,2
DA:53,2
DA:54,2
DA:55,2
DA:56,2
DA:57,2
DA:58,2
DA:60,0
DA:65,2
DA:66,2
DA:67,4
DA:68,1
DA:69,1
DA:71,3
DA:73,1
DA:74,1
DA:78,1
DA:79,1
DA:80,0
DA:83,1
DA:84,1
DA:85,2
DA:86,2
DA:88,1
DA:92,1
DA:93,1
DA:94,1
DA:95,1
DA:96,1
DA:97,1
DA:101,1
LF:61
LH:54
BRDA:12,0,0,8
BRDA:12,0,1,0
BRDA:24,1,0,1
BRDA:24,1,1,11
BRDA:38,2,0,0
BRDA:38,2,1,2
BRDA:43,3,0,2
BRDA:43,3,1,0
BRDA:55,4,0,2
BRDA:55,4,1,0
BRDA:67,5,0,1
BRDA:67,5,1,3
BRDA:79,6,0,0
BRDA:79,6,1,1
BRF:14
BRH:9
end_of_record
TN:
SF:401-code-challenges/code.challenge06/node.js
FN:2,(anonymous_0)
FNF:1
FNH:1
FNDA:25,(anonymous_0)
DA:3,25
DA:4,25
DA:8,2
LF:3
LH:3
BRF:0
BRH:0
end_of_record
TN:
SF:javascript/code-challenges/reverse-ll/reverse-ll.js
FN:12,reverse
FNF:1
FNH:1
FNDA:1,reverse
DA:4,1
DA:12,1
DA:14,1
LF:3
LH:3
BRF:0
BRH:0
end_of_record
TN:
SF:javascript/linked-list/index.js
FNF:0
FNH:0
DA:7,2
LF:1
LH:1
BRF:0
BRH:0
end_of_record
